<?xml version="1.0" encoding="UTF-8"?>
<testsuite name="TestSuite" time="0.081" tests="3" errors="0" skipped="1" failures="1">
  <properties>
[...]
</properties>
  <testcase name="changeType" classname="com.frenchies.tennisclub.service.CourtServiceTest" time="0">
    <skipped/>
    <system-out><![CDATA[Configuring TestNG with: TestNG652Configurator
18:58:53.442 [main] DEBUG o.s.test.context.BootstrapUtils - Instantiating TestContextBootstrapper from class [org.springframework.test.context.support.DefaultTestContextBootstrapper]
18:58:53.461 [main] DEBUG o.s.t.c.s.AbstractDelegatingSmartContextLoader - Delegating to AnnotationConfigContextLoader to process context configuration [ContextConfigurationAttributes@670b40af declaringClass = 'com.frenchies.tennisclub.service.BookingServiceTest', classes = '{class com.frenchies.tennisclub.service.config.ServiceConfiguration}', locations = '{}', inheritLocations = true, initializers = '{}', inheritInitializers = true, name = [null], contextLoaderClass = 'org.springframework.test.context.ContextLoader'].
18:58:53.462 [main] DEBUG o.s.t.c.support.ActiveProfilesUtils - Could not find an 'annotation declaring class' for annotation type [org.springframework.test.context.ActiveProfiles] and class [com.frenchies.tennisclub.service.BookingServiceTest]
18:58:53.467 [main] INFO  o.s.t.c.s.DefaultTestContextBootstrapper - Could not instantiate TestExecutionListener [org.springframework.test.context.web.ServletTestExecutionListener]. Specify custom listener classes or make the default listener classes (and their required dependencies) available. Offending class: [javax/servlet/ServletContext]
18:58:53.475 [main] INFO  o.s.t.c.s.DefaultTestContextBootstrapper - Using TestExecutionListeners: [org.springframework.test.context.support.DependencyInjectionTestExecutionListener@4e718207, org.springframework.test.context.support.DirtiesContextTestExecutionListener@1d371b2d, org.springframework.test.context.transaction.TransactionalTestExecutionListener@543c6f6d]
18:58:53.477 [main] DEBUG o.s.test.context.BootstrapUtils - Instantiating TestContextBootstrapper from class [org.springframework.test.context.support.DefaultTestContextBootstrapper]
18:58:53.478 [main] DEBUG o.s.t.c.s.AbstractDelegatingSmartContextLoader - Delegating to AnnotationConfigContextLoader to process context configuration [ContextConfigurationAttributes@43738a82 declaringClass = 'com.frenchies.tennisclub.service.CourtServiceTest', classes = '{class com.frenchies.tennisclub.service.config.ServiceConfiguration}', locations = '{}', inheritLocations = true, initializers = '{}', inheritInitializers = true, name = [null], contextLoaderClass = 'org.springframework.test.context.ContextLoader'].
18:58:53.478 [main] DEBUG o.s.t.c.support.ActiveProfilesUtils - Could not find an 'annotation declaring class' for annotation type [org.springframework.test.context.ActiveProfiles] and class [com.frenchies.tennisclub.service.CourtServiceTest]
18:58:53.479 [main] INFO  o.s.t.c.s.DefaultTestContextBootstrapper - Could not instantiate TestExecutionListener [org.springframework.test.context.web.ServletTestExecutionListener]. Specify custom listener classes or make the default listener classes (and their required dependencies) available. Offending class: [javax/servlet/ServletContext]
18:58:53.479 [main] INFO  o.s.t.c.s.DefaultTestContextBootstrapper - Using TestExecutionListeners: [org.springframework.test.context.support.DependencyInjectionTestExecutionListener@c81cdd1, org.springframework.test.context.support.DirtiesContextTestExecutionListener@1fc2b765, org.springframework.test.context.transaction.TransactionalTestExecutionListener@75881071]
18:58:53.480 [main] DEBUG o.s.test.context.BootstrapUtils - Instantiating TestContextBootstrapper from class [org.springframework.test.context.support.DefaultTestContextBootstrapper]
18:58:53.482 [main] DEBUG o.s.t.c.s.AbstractDelegatingSmartContextLoader - Delegating to AnnotationConfigContextLoader to process context configuration [ContextConfigurationAttributes@2a70a3d8 declaringClass = 'com.frenchies.tennisclub.service.BeanMappingServiceTest', classes = '{class com.frenchies.tennisclub.service.config.ServiceConfiguration}', locations = '{}', inheritLocations = true, initializers = '{}', inheritInitializers = true, name = [null], contextLoaderClass = 'org.springframework.test.context.ContextLoader'].
18:58:53.482 [main] DEBUG o.s.t.c.support.ActiveProfilesUtils - Could not find an 'annotation declaring class' for annotation type [org.springframework.test.context.ActiveProfiles] and class [com.frenchies.tennisclub.service.BeanMappingServiceTest]
18:58:53.483 [main] INFO  o.s.t.c.s.DefaultTestContextBootstrapper - Could not instantiate TestExecutionListener [org.springframework.test.context.web.ServletTestExecutionListener]. Specify custom listener classes or make the default listener classes (and their required dependencies) available. Offending class: [javax/servlet/ServletContext]
18:58:53.484 [main] INFO  o.s.t.c.s.DefaultTestContextBootstrapper - Using TestExecutionListeners: [org.springframework.test.context.support.DependencyInjectionTestExecutionListener@289d1c02, org.springframework.test.context.support.DirtiesContextTestExecutionListener@22eeefeb, org.springframework.test.context.transaction.TransactionalTestExecutionListener@17d0685f]
18:58:53.564 [main] DEBUG o.s.t.c.s.DependencyInjectionTestExecutionListener - Performing dependency injection for test context [[DefaultTestContext@130f889 testClass = CourtServiceTest, testInstance = com.frenchies.tennisclub.service.CourtServiceTest@10d59286, testMethod = [null], testException = [null], mergedContextConfiguration = [MergedContextConfiguration@1188e820 testClass = CourtServiceTest, locations = '{}', classes = '{class com.frenchies.tennisclub.service.config.ServiceConfiguration}', contextInitializerClasses = '[]', activeProfiles = '{}', propertySourceLocations = '{}', propertySourceProperties = '{}', contextLoader = 'org.springframework.test.context.support.DelegatingSmartContextLoader', parent = [null]]]].
18:58:53.565 [main] DEBUG o.s.t.c.s.AbstractDelegatingSmartContextLoader - Delegating to AnnotationConfigContextLoader to load context from [MergedContextConfiguration@1188e820 testClass = CourtServiceTest, locations = '{}', classes = '{class com.frenchies.tennisclub.service.config.ServiceConfiguration}', contextInitializerClasses = '[]', activeProfiles = '{}', propertySourceLocations = '{}', propertySourceProperties = '{}', contextLoader = 'org.springframework.test.context.support.DelegatingSmartContextLoader', parent = [null]].
18:58:53.565 [main] DEBUG o.s.t.c.s.AbstractGenericContextLoader - Loading ApplicationContext for merged context configuration [[MergedContextConfiguration@1188e820 testClass = CourtServiceTest, locations = '{}', classes = '{class com.frenchies.tennisclub.service.config.ServiceConfiguration}', contextInitializerClasses = '[]', activeProfiles = '{}', propertySourceLocations = '{}', propertySourceProperties = '{}', contextLoader = 'org.springframework.test.context.support.DelegatingSmartContextLoader', parent = [null]]].
18:58:53.623 [main] DEBUG o.s.core.env.StandardEnvironment - Adding [systemProperties] PropertySource with lowest search precedence
18:58:53.625 [main] DEBUG o.s.core.env.StandardEnvironment - Adding [systemEnvironment] PropertySource with lowest search precedence
18:58:53.625 [main] DEBUG o.s.core.env.StandardEnvironment - Initialized StandardEnvironment with PropertySources [systemProperties,systemEnvironment]
18:58:53.625 [main] DEBUG o.s.t.c.s.AnnotationConfigContextLoader - Registering annotated classes: {class com.frenchies.tennisclub.service.config.ServiceConfiguration}
18:58:53.677 [main] INFO  o.s.c.s.GenericApplicationContext - Refreshing org.springframework.context.support.GenericApplicationContext@1372ed45: startup date [Sun Nov 26 18:58:53 CET 2017]; root of context hierarchy
18:58:53.678 [main] DEBUG o.s.c.s.GenericApplicationContext - Bean factory for org.springframework.context.support.GenericApplicationContext@1372ed45: org.springframework.beans.factory.support.DefaultListableBeanFactory@3e2e18f2: defining beans [org.springframework.context.annotation.internalConfigurationAnnotationProcessor,org.springframework.context.annotation.internalAutowiredAnnotationProcessor,org.springframework.context.annotation.internalRequiredAnnotationProcessor,org.springframework.context.annotation.internalCommonAnnotationProcessor,org.springframework.context.annotation.internalPersistenceAnnotationProcessor,serviceConfiguration]; root of factory hierarchy
18:58:53.687 [main] DEBUG o.s.b.f.s.DefaultListableBeanFactory - Creating shared instance of singleton bean 'org.springframework.context.annotation.internalConfigurationAnnotationProcessor'
18:58:53.687 [main] DEBUG o.s.b.f.s.DefaultListableBeanFactory - Creating instance of bean 'org.springframework.context.annotation.internalConfigurationAnnotationProcessor'
18:58:53.703 [main] DEBUG o.s.b.f.s.DefaultListableBeanFactory - Eagerly caching bean 'org.springframework.context.annotation.internalConfigurationAnnotationProcessor' to allow for resolving potential circular references
18:58:53.705 [main] DEBUG o.s.b.f.s.DefaultListableBeanFactory - Finished creating instance of bean 'org.springframework.context.annotation.internalConfigurationAnnotationProcessor'
18:58:53.724 [main] DEBUG o.s.core.env.StandardEnvironment - Adding [systemProperties] PropertySource with lowest search precedence
18:58:53.725 [main] DEBUG o.s.core.env.StandardEnvironment - Adding [systemEnvironment] PropertySource with lowest search precedence
18:58:53.725 [main] DEBUG o.s.core.env.StandardEnvironment - Initialized StandardEnvironment with PropertySources [systemProperties,systemEnvironment]
18:58:53.729 [main] DEBUG o.s.c.a.ClassPathBeanDefinitionScanner - JSR-330 'javax.inject.Named' annotation found and supported for component scanning
18:58:53.735 [main] DEBUG o.s.c.i.s.PathMatchingResourcePatternResolver - Looking for matching resources in directory tree [/home/thomasmeon/Bureau/Projet/tennisclub/tennisclubproject/tennisclub-service/target/test-classes/com/frenchies/tennisclub/service]
18:58:53.736 [main] DEBUG o.s.c.i.s.PathMatchingResourcePatternResolver - Searching directory [/home/thomasmeon/Bureau/Projet/tennisclub/tennisclubproject/tennisclub-service/target/test-classes/com/frenchies/tennisclub/service] for files matching pattern [/home/thomasmeon/Bureau/Projet/tennisclub/tennisclubproject/tennisclub-service/target/test-classes/com/frenchies/tennisclub/service/**/*.class]
18:58:53.740 [main] DEBUG o.s.c.i.s.PathMatchingResourcePatternResolver - Looking for matching resources in directory tree [/home/thomasmeon/Bureau/Projet/tennisclub/tennisclubproject/tennisclub-service/target/classes/com/frenchies/tennisclub/service]
18:58:53.741 [main] DEBUG o.s.c.i.s.PathMatchingResourcePatternResolver - Searching directory [/home/thomasmeon/Bureau/Projet/tennisclub/tennisclubproject/tennisclub-service/target/classes/com/frenchies/tennisclub/service] for files matching pattern [/home/thomasmeon/Bureau/Projet/tennisclub/tennisclubproject/tennisclub-service/target/classes/com/frenchies/tennisclub/service/**/*.class]
18:58:53.741 [main] DEBUG o.s.c.i.s.PathMatchingResourcePatternResolver - Searching directory [/home/thomasmeon/Bureau/Projet/tennisclub/tennisclubproject/tennisclub-service/target/classes/com/frenchies/tennisclub/service/facade] for files matching pattern [/home/thomasmeon/Bureau/Projet/tennisclub/tennisclubproject/tennisclub-service/target/classes/com/frenchies/tennisclub/service/**/*.class]
18:58:53.743 [main] DEBUG o.s.c.i.s.PathMatchingResourcePatternResolver - Searching directory [/home/thomasmeon/Bureau/Projet/tennisclub/tennisclubproject/tennisclub-service/target/classes/com/frenchies/tennisclub/service/config] for files matching pattern [/home/thomasmeon/Bureau/Projet/tennisclub/tennisclubproject/tennisclub-service/target/classes/com/frenchies/tennisclub/service/**/*.class]
18:58:53.745 [main] DEBUG o.s.c.i.s.PathMatchingResourcePatternResolver - Resolved location pattern [classpath*:com/frenchies/tennisclub/service/**/*.class] to resources [file [/home/thomasmeon/Bureau/Projet/tennisclub/tennisclubproject/tennisclub-service/target/test-classes/com/frenchies/tennisclub/service/CourtServiceTest.class], file [/home/thomasmeon/Bureau/Projet/tennisclub/tennisclubproject/tennisclub-service/target/test-classes/com/frenchies/tennisclub/service/BeanMappingServiceTest.class], file [/home/thomasmeon/Bureau/Projet/tennisclub/tennisclubproject/tennisclub-service/target/test-classes/com/frenchies/tennisclub/service/BookingServiceTest.class], file [/home/thomasmeon/Bureau/Projet/tennisclub/tennisclubproject/tennisclub-service/target/classes/com/frenchies/tennisclub/service/facade/BookingFacadeImpl.class], file [/home/thomasmeon/Bureau/Projet/tennisclub/tennisclubproject/tennisclub-service/target/classes/com/frenchies/tennisclub/service/facade/UserFacadeImpl.class], file [/home/thomasmeon/Bureau/Projet/tennisclub/tennisclubproject/tennisclub-service/target/classes/com/frenchies/tennisclub/service/facade/CourtFacadeImpl.class], file [/home/thomasmeon/Bureau/Projet/tennisclub/tennisclubproject/tennisclub-service/target/classes/com/frenchies/tennisclub/service/UserServiceImpl.class], file [/home/thomasmeon/Bureau/Projet/tennisclub/tennisclubproject/tennisclub-service/target/classes/com/frenchies/tennisclub/service/TimeService.class], file [/home/thomasmeon/Bureau/Projet/tennisclub/tennisclubproject/tennisclub-service/target/classes/com/frenchies/tennisclub/service/config/ServiceConfiguration$DozerCustomConfig.class], file [/home/thomasmeon/Bureau/Projet/tennisclub/tennisclubproject/tennisclub-service/target/classes/com/frenchies/tennisclub/service/config/ServiceConfiguration.class], file [/home/thomasmeon/Bureau/Projet/tennisclub/tennisclubproject/tennisclub-service/target/classes/com/frenchies/tennisclub/service/CourtService.class], file [/home/thomasmeon/Bureau/Projet/tennisclub/tennisclubproject/tennisclub-service/target/classes/com/frenchies/tennisclub/service/BookingServiceImpl.class], file [/home/thomasmeon/Bureau/Projet/tennisclub/tennisclubproject/tennisclub-service/target/classes/com/frenchies/tennisclub/service/TimeServiceImpl.class], file [/home/thomasmeon/Bureau/Projet/tennisclub/tennisclubproject/tennisclub-service/target/classes/com/frenchies/tennisclub/service/CourtServiceImpl.class], file [/home/thomasmeon/Bureau/Projet/tennisclub/tennisclubproject/tennisclub-service/target/classes/com/frenchies/tennisclub/service/BookingService.class], file [/home/thomasmeon/Bureau/Projet/tennisclub/tennisclubproject/tennisclub-service/target/classes/com/frenchies/tennisclub/service/UserService.class]]
18:58:53.775 [main] DEBUG o.s.c.a.ClassPathBeanDefinitionScanner - Identified candidate component class: file [/home/thomasmeon/Bureau/Projet/tennisclub/tennisclubproject/tennisclub-service/target/classes/com/frenchies/tennisclub/service/facade/BookingFacadeImpl.class]
18:58:53.776 [main] DEBUG o.s.c.a.ClassPathBeanDefinitionScanner - Identified candidate component class: file [/home/thomasmeon/Bureau/Projet/tennisclub/tennisclubproject/tennisclub-service/target/classes/com/frenchies/tennisclub/service/facade/UserFacadeImpl.class]
18:58:53.776 [main] DEBUG o.s.c.a.ClassPathBeanDefinitionScanner - Identified candidate component class: file [/home/thomasmeon/Bureau/Projet/tennisclub/tennisclubproject/tennisclub-service/target/classes/com/frenchies/tennisclub/service/facade/CourtFacadeImpl.class]
18:58:53.777 [main] DEBUG o.s.c.a.ClassPathBeanDefinitionScanner - Identified candidate component class: file [/home/thomasmeon/Bureau/Projet/tennisclub/tennisclubproject/tennisclub-service/target/classes/com/frenchies/tennisclub/service/UserServiceImpl.class]
18:58:53.777 [main] DEBUG o.s.c.a.ClassPathBeanDefinitionScanner - Ignored because not a concrete top-level class: file [/home/thomasmeon/Bureau/Projet/tennisclub/tennisclubproject/tennisclub-service/target/classes/com/frenchies/tennisclub/service/TimeService.class]
18:58:53.779 [main] DEBUG o.s.c.a.ClassPathBeanDefinitionScanner - Ignored because not a concrete top-level class: file [/home/thomasmeon/Bureau/Projet/tennisclub/tennisclubproject/tennisclub-service/target/classes/com/frenchies/tennisclub/service/CourtService.class]
18:58:53.780 [main] DEBUG o.s.c.a.ClassPathBeanDefinitionScanner - Identified candidate component class: file [/home/thomasmeon/Bureau/Projet/tennisclub/tennisclubproject/tennisclub-service/target/classes/com/frenchies/tennisclub/service/BookingServiceImpl.class]
18:58:53.780 [main] DEBUG o.s.c.a.ClassPathBeanDefinitionScanner - Identified candidate component class: file [/home/thomasmeon/Bureau/Projet/tennisclub/tennisclubproject/tennisclub-service/target/classes/com/frenchies/tennisclub/service/TimeServiceImpl.class]
18:58:53.780 [main] DEBUG o.s.c.a.ClassPathBeanDefinitionScanner - Identified candidate component class: file [/home/thomasmeon/Bureau/Projet/tennisclub/tennisclubproject/tennisclub-service/target/classes/com/frenchies/tennisclub/service/CourtServiceImpl.class]
18:58:53.781 [main] DEBUG o.s.c.a.ClassPathBeanDefinitionScanner - Ignored because not a concrete top-level class: file [/home/thomasmeon/Bureau/Projet/tennisclub/tennisclubproject/tennisclub-service/target/classes/com/frenchies/tennisclub/service/BookingService.class]
18:58:53.781 [main] DEBUG o.s.c.a.ClassPathBeanDefinitionScanner - Ignored because not a concrete top-level class: file [/home/thomasmeon/Bureau/Projet/tennisclub/tennisclubproject/tennisclub-service/target/classes/com/frenchies/tennisclub/service/UserService.class]
18:58:53.783 [main] DEBUG o.s.c.i.s.PathMatchingResourcePatternResolver - Looking for matching resources in directory tree [/home/thomasmeon/Bureau/Projet/tennisclub/tennisclubproject/tennisclub-service/target/classes/com/frenchies/tennisclub/service/facade]
18:58:53.783 [main] DEBUG o.s.c.i.s.PathMatchingResourcePatternResolver - Searching directory [/home/thomasmeon/Bureau/Projet/tennisclub/tennisclubproject/tennisclub-service/target/classes/com/frenchies/tennisclub/service/facade] for files matching pattern [/home/thomasmeon/Bureau/Projet/tennisclub/tennisclubproject/tennisclub-service/target/classes/com/frenchies/tennisclub/service/facade/**/*.class]
18:58:53.783 [main] DEBUG o.s.c.i.s.PathMatchingResourcePatternResolver - Resolved location pattern [classpath*:com/frenchies/tennisclub/service/facade/**/*.class] to resources [file [/home/thomasmeon/Bureau/Projet/tennisclub/tennisclubproject/tennisclub-service/target/classes/com/frenchies/tennisclub/service/facade/BookingFacadeImpl.class], file [/home/thomasmeon/Bureau/Projet/tennisclub/tennisclubproject/tennisclub-service/target/classes/com/frenchies/tennisclub/service/facade/UserFacadeImpl.class], file [/home/thomasmeon/Bureau/Projet/tennisclub/tennisclubproject/tennisclub-service/target/classes/com/frenchies/tennisclub/service/facade/CourtFacadeImpl.class]]
18:58:53.784 [main] DEBUG o.s.c.a.ClassPathBeanDefinitionScanner - Identified candidate component class: file [/home/thomasmeon/Bureau/Projet/tennisclub/tennisclubproject/tennisclub-service/target/classes/com/frenchies/tennisclub/service/facade/BookingFacadeImpl.class]
18:58:53.784 [main] DEBUG o.s.c.a.ClassPathBeanDefinitionScanner - Identified candidate component class: file [/home/thomasmeon/Bureau/Projet/tennisclub/tennisclubproject/tennisclub-service/target/classes/com/frenchies/tennisclub/service/facade/UserFacadeImpl.class]
18:58:53.784 [main] DEBUG o.s.c.a.ClassPathBeanDefinitionScanner - Identified candidate component class: file [/home/thomasmeon/Bureau/Projet/tennisclub/tennisclubproject/tennisclub-service/target/classes/com/frenchies/tennisclub/service/facade/CourtFacadeImpl.class]
18:58:53.810 [main] DEBUG o.s.core.env.StandardEnvironment - Adding [systemProperties] PropertySource with lowest search precedence
18:58:53.810 [main] DEBUG o.s.core.env.StandardEnvironment - Adding [systemEnvironment] PropertySource with lowest search precedence
18:58:53.810 [main] DEBUG o.s.core.env.StandardEnvironment - Initialized StandardEnvironment with PropertySources [systemProperties,systemEnvironment]
18:58:53.811 [main] DEBUG o.s.c.a.ClassPathBeanDefinitionScanner - JSR-330 'javax.inject.Named' annotation found and supported for component scanning
18:58:53.812 [main] DEBUG o.s.c.i.s.PathMatchingResourcePatternResolver - Looking for matching resources in directory tree [/home/thomasmeon/Bureau/Projet/tennisclub/tennisclubproject/tennisclub-service/target/test-classes/com/frenchies/tennisclub]
18:58:53.813 [main] DEBUG o.s.c.i.s.PathMatchingResourcePatternResolver - Searching directory [/home/thomasmeon/Bureau/Projet/tennisclub/tennisclubproject/tennisclub-service/target/test-classes/com/frenchies/tennisclub] for files matching pattern [/home/thomasmeon/Bureau/Projet/tennisclub/tennisclubproject/tennisclub-service/target/test-classes/com/frenchies/tennisclub/**/*.class]
18:58:53.813 [main] DEBUG o.s.c.i.s.PathMatchingResourcePatternResolver - Searching directory [/home/thomasmeon/Bureau/Projet/tennisclub/tennisclubproject/tennisclub-service/target/test-classes/com/frenchies/tennisclub/service] for files matching pattern [/home/thomasmeon/Bureau/Projet/tennisclub/tennisclubproject/tennisclub-service/target/test-classes/com/frenchies/tennisclub/**/*.class]
18:58:53.814 [main] DEBUG o.s.c.i.s.PathMatchingResourcePatternResolver - Looking for matching resources in directory tree [/home/thomasmeon/Bureau/Projet/tennisclub/tennisclubproject/tennisclub-service/target/classes/com/frenchies/tennisclub]
18:58:53.814 [main] DEBUG o.s.c.i.s.PathMatchingResourcePatternResolver - Searching directory [/home/thomasmeon/Bureau/Projet/tennisclub/tennisclubproject/tennisclub-service/target/classes/com/frenchies/tennisclub] for files matching pattern [/home/thomasmeon/Bureau/Projet/tennisclub/tennisclubproject/tennisclub-service/target/classes/com/frenchies/tennisclub/**/*.class]
18:58:53.814 [main] DEBUG o.s.c.i.s.PathMatchingResourcePatternResolver - Searching directory [/home/thomasmeon/Bureau/Projet/tennisclub/tennisclubproject/tennisclub-service/target/classes/com/frenchies/tennisclub/service] for files matching pattern [/home/thomasmeon/Bureau/Projet/tennisclub/tennisclubproject/tennisclub-service/target/classes/com/frenchies/tennisclub/**/*.class]
18:58:53.815 [main] DEBUG o.s.c.i.s.PathMatchingResourcePatternResolver - Searching directory [/home/thomasmeon/Bureau/Projet/tennisclub/tennisclubproject/tennisclub-service/target/classes/com/frenchies/tennisclub/service/facade] for files matching pattern [/home/thomasmeon/Bureau/Projet/tennisclub/tennisclubproject/tennisclub-service/target/classes/com/frenchies/tennisclub/**/*.class]
18:58:53.815 [main] DEBUG o.s.c.i.s.PathMatchingResourcePatternResolver - Searching directory [/home/thomasmeon/Bureau/Projet/tennisclub/tennisclubproject/tennisclub-service/target/classes/com/frenchies/tennisclub/service/config] for files matching pattern [/home/thomasmeon/Bureau/Projet/tennisclub/tennisclubproject/tennisclub-service/target/classes/com/frenchies/tennisclub/**/*.class]
18:58:53.816 [main] DEBUG o.s.c.i.s.PathMatchingResourcePatternResolver - Searching directory [/home/thomasmeon/Bureau/Projet/tennisclub/tennisclubproject/tennisclub-service/target/classes/com/frenchies/tennisclub/mappers] for files matching pattern [/home/thomasmeon/Bureau/Projet/tennisclub/tennisclubproject/tennisclub-service/target/classes/com/frenchies/tennisclub/**/*.class]
18:58:53.818 [main] DEBUG o.s.c.i.s.PathMatchingResourcePatternResolver - Looking for matching resources in jar file [file:/home/thomasmeon/Bureau/Projet/tennisclub/tennisclubproject/tennisclub-api/target/tennisclub-api-1.0-SNAPSHOT.jar]
18:58:53.819 [main] DEBUG o.s.c.i.s.PathMatchingResourcePatternResolver - Looking for matching resources in jar file [file:/home/thomasmeon/Bureau/Projet/tennisclub/tennisclubproject/tennisclub-persistence/target/tennisclub-persistence-1.0-SNAPSHOT.jar]
18:58:53.820 [main] DEBUG o.s.c.i.s.PathMatchingResourcePatternResolver - Resolved location pattern [classpath*:com/frenchies/tennisclub/**/*.class] to resources [file [/home/thomasmeon/Bureau/Projet/tennisclub/tennisclubproject/tennisclub-service/target/test-classes/com/frenchies/tennisclub/service/CourtServiceTest.class], file [/home/thomasmeon/Bureau/Projet/tennisclub/tennisclubproject/tennisclub-service/target/test-classes/com/frenchies/tennisclub/service/BeanMappingServiceTest.class], file [/home/thomasmeon/Bureau/Projet/tennisclub/tennisclubproject/tennisclub-service/target/test-classes/com/frenchies/tennisclub/service/BookingServiceTest.class], file [/home/thomasmeon/Bureau/Projet/tennisclub/tennisclubproject/tennisclub-service/target/classes/com/frenchies/tennisclub/service/facade/BookingFacadeImpl.class], file [/home/thomasmeon/Bureau/Projet/tennisclub/tennisclubproject/tennisclub-service/target/classes/com/frenchies/tennisclub/service/facade/UserFacadeImpl.class], file [/home/thomasmeon/Bureau/Projet/tennisclub/tennisclubproject/tennisclub-service/target/classes/com/frenchies/tennisclub/service/facade/CourtFacadeImpl.class], file [/home/thomasmeon/Bureau/Projet/tennisclub/tennisclubproject/tennisclub-service/target/classes/com/frenchies/tennisclub/service/UserServiceImpl.class], file [/home/thomasmeon/Bureau/Projet/tennisclub/tennisclubproject/tennisclub-service/target/classes/com/frenchies/tennisclub/service/TimeService.class], file [/home/thomasmeon/Bureau/Projet/tennisclub/tennisclubproject/tennisclub-service/target/classes/com/frenchies/tennisclub/service/config/ServiceConfiguration$DozerCustomConfig.class], file [/home/thomasmeon/Bureau/Projet/tennisclub/tennisclubproject/tennisclub-service/target/classes/com/frenchies/tennisclub/service/config/ServiceConfiguration.class], file [/home/thomasmeon/Bureau/Projet/tennisclub/tennisclubproject/tennisclub-service/target/classes/com/frenchies/tennisclub/service/CourtService.class], file [/home/thomasmeon/Bureau/Projet/tennisclub/tennisclubproject/tennisclub-service/target/classes/com/frenchies/tennisclub/service/BookingServiceImpl.class], file [/home/thomasmeon/Bureau/Projet/tennisclub/tennisclubproject/tennisclub-service/target/classes/com/frenchies/tennisclub/service/TimeServiceImpl.class], file [/home/thomasmeon/Bureau/Projet/tennisclub/tennisclubproject/tennisclub-service/target/classes/com/frenchies/tennisclub/service/CourtServiceImpl.class], file [/home/thomasmeon/Bureau/Projet/tennisclub/tennisclubproject/tennisclub-service/target/classes/com/frenchies/tennisclub/service/BookingService.class], file [/home/thomasmeon/Bureau/Projet/tennisclub/tennisclubproject/tennisclub-service/target/classes/com/frenchies/tennisclub/service/UserService.class], file [/home/thomasmeon/Bureau/Projet/tennisclub/tennisclubproject/tennisclub-service/target/classes/com/frenchies/tennisclub/mappers/BeanMappingServiceImpl.class], file [/home/thomasmeon/Bureau/Projet/tennisclub/tennisclubproject/tennisclub-service/target/classes/com/frenchies/tennisclub/mappers/BeanMappingService.class], URL [jar:file:/home/thomasmeon/Bureau/Projet/tennisclub/tennisclubproject/tennisclub-api/target/tennisclub-api-1.0-SNAPSHOT.jar!/com/frenchies/tennisclub/enums/Hour24.class], URL [jar:file:/home/thomasmeon/Bureau/Projet/tennisclub/tennisclubproject/tennisclub-api/target/tennisclub-api-1.0-SNAPSHOT.jar!/com/frenchies/tennisclub/enums/CourtType.class], URL [jar:file:/home/thomasmeon/Bureau/Projet/tennisclub/tennisclubproject/tennisclub-api/target/tennisclub-api-1.0-SNAPSHOT.jar!/com/frenchies/tennisclub/enums/Status.class], URL [jar:file:/home/thomasmeon/Bureau/Projet/tennisclub/tennisclubproject/tennisclub-api/target/tennisclub-api-1.0-SNAPSHOT.jar!/com/frenchies/tennisclub/exceptions/UserAuthentificationException.class], URL [jar:file:/home/thomasmeon/Bureau/Projet/tennisclub/tennisclubproject/tennisclub-api/target/tennisclub-api-1.0-SNAPSHOT.jar!/com/frenchies/tennisclub/facade/BookingFacade.class], URL [jar:file:/home/thomasmeon/Bureau/Projet/tennisclub/tennisclubproject/tennisclub-api/target/tennisclub-api-1.0-SNAPSHOT.jar!/com/frenchies/tennisclub/facade/UserFacade.class], URL [jar:file:/home/thomasmeon/Bureau/Projet/tennisclub/tennisclubproject/tennisclub-api/target/tennisclub-api-1.0-SNAPSHOT.jar!/com/frenchies/tennisclub/facade/CourtFacade.class], URL [jar:file:/home/thomasmeon/Bureau/Projet/tennisclub/tennisclubproject/tennisclub-api/target/tennisclub-api-1.0-SNAPSHOT.jar!/com/frenchies/tennisclub/dto/UserUpdatePasswordDTO.class], URL [jar:file:/home/thomasmeon/Bureau/Projet/tennisclub/tennisclubproject/tennisclub-api/target/tennisclub-api-1.0-SNAPSHOT.jar!/com/frenchies/tennisclub/dto/UserAuthenticateDTO.class], URL [jar:file:/home/thomasmeon/Bureau/Projet/tennisclub/tennisclubproject/tennisclub-api/target/tennisclub-api-1.0-SNAPSHOT.jar!/com/frenchies/tennisclub/dto/BookingCreateDTO.class], URL [jar:file:/home/thomasmeon/Bureau/Projet/tennisclub/tennisclubproject/tennisclub-api/target/tennisclub-api-1.0-SNAPSHOT.jar!/com/frenchies/tennisclub/dto/CourtCreateDTO.class], URL [jar:file:/home/thomasmeon/Bureau/Projet/tennisclub/tennisclubproject/tennisclub-api/target/tennisclub-api-1.0-SNAPSHOT.jar!/com/frenchies/tennisclub/dto/BookingDTO.class], URL [jar:file:/home/thomasmeon/Bureau/Projet/tennisclub/tennisclubproject/tennisclub-api/target/tennisclub-api-1.0-SNAPSHOT.jar!/com/frenchies/tennisclub/dto/UserUpdateDTO.class], URL [jar:file:/home/thomasmeon/Bureau/Projet/tennisclub/tennisclubproject/tennisclub-api/target/tennisclub-api-1.0-SNAPSHOT.jar!/com/frenchies/tennisclub/dto/CourtDTO.class], URL [jar:file:/home/thomasmeon/Bureau/Projet/tennisclub/tennisclubproject/tennisclub-api/target/tennisclub-api-1.0-SNAPSHOT.jar!/com/frenchies/tennisclub/dto/UserDTO.class], URL [jar:file:/home/thomasmeon/Bureau/Projet/tennisclub/tennisclubproject/tennisclub-persistence/target/tennisclub-persistence-1.0-SNAPSHOT.jar!/com/frenchies/tennisclub/enums/Hour24.class], URL [jar:file:/home/thomasmeon/Bureau/Projet/tennisclub/tennisclubproject/tennisclub-persistence/target/tennisclub-persistence-1.0-SNAPSHOT.jar!/com/frenchies/tennisclub/enums/CourtType.class], URL [jar:file:/home/thomasmeon/Bureau/Projet/tennisclub/tennisclubproject/tennisclub-persistence/target/tennisclub-persistence-1.0-SNAPSHOT.jar!/com/frenchies/tennisclub/enums/Status.class], URL [jar:file:/home/thomasmeon/Bureau/Projet/tennisclub/tennisclubproject/tennisclub-persistence/target/tennisclub-persistence-1.0-SNAPSHOT.jar!/com/frenchies/tennisclub/dao/BookingDao.class], URL [jar:file:/home/thomasmeon/Bureau/Projet/tennisclub/tennisclubproject/tennisclub-persistence/target/tennisclub-persistence-1.0-SNAPSHOT.jar!/com/frenchies/tennisclub/dao/CourtDao.class], URL [jar:file:/home/thomasmeon/Bureau/Projet/tennisclub/tennisclubproject/tennisclub-persistence/target/tennisclub-persistence-1.0-SNAPSHOT.jar!/com/frenchies/tennisclub/dao/BookingDaoImpl.class], URL [jar:file:/home/thomasmeon/Bureau/Projet/tennisclub/tennisclubproject/tennisclub-persistence/target/tennisclub-persistence-1.0-SNAPSHOT.jar!/com/frenchies/tennisclub/dao/CourtDaoImpl.class], URL [jar:file:/home/thomasmeon/Bureau/Projet/tennisclub/tennisclubproject/tennisclub-persistence/target/tennisclub-persistence-1.0-SNAPSHOT.jar!/com/frenchies/tennisclub/dao/UserDao.class], URL [jar:file:/home/thomasmeon/Bureau/Projet/tennisclub/tennisclubproject/tennisclub-persistence/target/tennisclub-persistence-1.0-SNAPSHOT.jar!/com/frenchies/tennisclub/dao/UserDaoImpl.class], URL [jar:file:/home/thomasmeon/Bureau/Projet/tennisclub/tennisclubproject/tennisclub-persistence/target/tennisclub-persistence-1.0-SNAPSHOT.jar!/com/frenchies/tennisclub/entity/User.class], URL [jar:file:/home/thomasmeon/Bureau/Projet/tennisclub/tennisclubproject/tennisclub-persistence/target/tennisclub-persistence-1.0-SNAPSHOT.jar!/com/frenchies/tennisclub/entity/Court.class], URL [jar:file:/home/thomasmeon/Bureau/Projet/tennisclub/tennisclubproject/tennisclub-persistence/target/tennisclub-persistence-1.0-SNAPSHOT.jar!/com/frenchies/tennisclub/entity/Booking.class], URL [jar:file:/home/thomasmeon/Bureau/Projet/tennisclub/tennisclubproject/tennisclub-persistence/target/tennisclub-persistence-1.0-SNAPSHOT.jar!/com/frenchies/tennisclub/PersistenceSampleApplicationContext.class]]
18:58:53.823 [main] DEBUG o.s.c.a.ClassPathBeanDefinitionScanner - Identified candidate component class: file [/home/thomasmeon/Bureau/Projet/tennisclub/tennisclubproject/tennisclub-service/target/classes/com/frenchies/tennisclub/service/facade/BookingFacadeImpl.class]
18:58:53.824 [main] DEBUG o.s.c.a.ClassPathBeanDefinitionScanner - Identified candidate component class: file [/home/thomasmeon/Bureau/Projet/tennisclub/tennisclubproject/tennisclub-service/target/classes/com/frenchies/tennisclub/service/facade/UserFacadeImpl.class]
18:58:53.825 [main] DEBUG o.s.c.a.ClassPathBeanDefinitionScanner - Identified candidate component class: file [/home/thomasmeon/Bureau/Projet/tennisclub/tennisclubproject/tennisclub-service/target/classes/com/frenchies/tennisclub/service/facade/CourtFacadeImpl.class]
18:58:53.825 [main] DEBUG o.s.c.a.ClassPathBeanDefinitionScanner - Identified candidate component class: file [/home/thomasmeon/Bureau/Projet/tennisclub/tennisclubproject/tennisclub-service/target/classes/com/frenchies/tennisclub/service/UserServiceImpl.class]
18:58:53.826 [main] DEBUG o.s.c.a.ClassPathBeanDefinitionScanner - Ignored because not a concrete top-level class: file [/home/thomasmeon/Bureau/Projet/tennisclub/tennisclubproject/tennisclub-service/target/classes/com/frenchies/tennisclub/service/TimeService.class]
18:58:53.827 [main] DEBUG o.s.c.a.ClassPathBeanDefinitionScanner - Identified candidate component class: file [/home/thomasmeon/Bureau/Projet/tennisclub/tennisclubproject/tennisclub-service/target/classes/com/frenchies/tennisclub/service/config/ServiceConfiguration.class]
18:58:53.827 [main] DEBUG o.s.c.a.ClassPathBeanDefinitionScanner - Ignored because not a concrete top-level class: file [/home/thomasmeon/Bureau/Projet/tennisclub/tennisclubproject/tennisclub-service/target/classes/com/frenchies/tennisclub/service/CourtService.class]
18:58:53.827 [main] DEBUG o.s.c.a.ClassPathBeanDefinitionScanner - Identified candidate component class: file [/home/thomasmeon/Bureau/Projet/tennisclub/tennisclubproject/tennisclub-service/target/classes/com/frenchies/tennisclub/service/BookingServiceImpl.class]
18:58:53.828 [main] DEBUG o.s.c.a.ClassPathBeanDefinitionScanner - Identified candidate component class: file [/home/thomasmeon/Bureau/Projet/tennisclub/tennisclubproject/tennisclub-service/target/classes/com/frenchies/tennisclub/service/TimeServiceImpl.class]
18:58:53.828 [main] DEBUG o.s.c.a.ClassPathBeanDefinitionScanner - Identified candidate component class: file [/home/thomasmeon/Bureau/Projet/tennisclub/tennisclubproject/tennisclub-service/target/classes/com/frenchies/tennisclub/service/CourtServiceImpl.class]
18:58:53.828 [main] DEBUG o.s.c.a.ClassPathBeanDefinitionScanner - Ignored because not a concrete top-level class: file [/home/thomasmeon/Bureau/Projet/tennisclub/tennisclubproject/tennisclub-service/target/classes/com/frenchies/tennisclub/service/BookingService.class]
18:58:53.829 [main] DEBUG o.s.c.a.ClassPathBeanDefinitionScanner - Ignored because not a concrete top-level class: file [/home/thomasmeon/Bureau/Projet/tennisclub/tennisclubproject/tennisclub-service/target/classes/com/frenchies/tennisclub/service/UserService.class]
18:58:53.829 [main] DEBUG o.s.c.a.ClassPathBeanDefinitionScanner - Identified candidate component class: file [/home/thomasmeon/Bureau/Projet/tennisclub/tennisclubproject/tennisclub-service/target/classes/com/frenchies/tennisclub/mappers/BeanMappingServiceImpl.class]
18:58:53.829 [main] DEBUG o.s.c.a.ClassPathBeanDefinitionScanner - Ignored because not a concrete top-level class: file [/home/thomasmeon/Bureau/Projet/tennisclub/tennisclubproject/tennisclub-service/target/classes/com/frenchies/tennisclub/mappers/BeanMappingService.class]
18:58:53.836 [main] DEBUG o.s.c.a.ClassPathBeanDefinitionScanner - Identified candidate component class: URL [jar:file:/home/thomasmeon/Bureau/Projet/tennisclub/tennisclubproject/tennisclub-persistence/target/tennisclub-persistence-1.0-SNAPSHOT.jar!/com/frenchies/tennisclub/dao/BookingDaoImpl.class]
18:58:53.837 [main] DEBUG o.s.c.a.ClassPathBeanDefinitionScanner - Identified candidate component class: URL [jar:file:/home/thomasmeon/Bureau/Projet/tennisclub/tennisclubproject/tennisclub-persistence/target/tennisclub-persistence-1.0-SNAPSHOT.jar!/com/frenchies/tennisclub/dao/CourtDaoImpl.class]
18:58:53.838 [main] DEBUG o.s.c.a.ClassPathBeanDefinitionScanner - Identified candidate component class: URL [jar:file:/home/thomasmeon/Bureau/Projet/tennisclub/tennisclubproject/tennisclub-persistence/target/tennisclub-persistence-1.0-SNAPSHOT.jar!/com/frenchies/tennisclub/dao/UserDaoImpl.class]
18:58:53.870 [main] DEBUG o.s.c.a.ConfigurationClassBeanDefinitionReader - Registered bean definition for imported class 'org.springframework.transaction.annotation.ProxyTransactionManagementConfiguration'
18:58:53.872 [main] DEBUG o.s.c.a.ConfigurationClassBeanDefinitionReader - Registering bean definition for @Bean method org.springframework.transaction.annotation.ProxyTransactionManagementConfiguration.org.springframework.transaction.config.internalTransactionAdvisor()
18:58:53.872 [main] DEBUG o.s.c.a.ConfigurationClassBeanDefinitionReader - Registering bean definition for @Bean method org.springframework.transaction.annotation.ProxyTransactionManagementConfiguration.transactionAttributeSource()
18:58:53.873 [main] DEBUG o.s.c.a.ConfigurationClassBeanDefinitionReader - Registering bean definition for @Bean method org.springframework.transaction.annotation.ProxyTransactionManagementConfiguration.transactionInterceptor()
18:58:53.874 [main] DEBUG o.s.c.a.ConfigurationClassBeanDefinitionReader - Registered bean definition for imported class 'com.frenchies.tennisclub.PersistenceSampleApplicationContext'
18:58:53.875 [main] DEBUG o.s.c.a.ConfigurationClassBeanDefinitionReader - Registering bean definition for @Bean method com.frenchies.tennisclub.PersistenceSampleApplicationContext.transactionManager()
18:58:53.876 [main] DEBUG o.s.c.a.ConfigurationClassBeanDefinitionReader - Registering bean definition for @Bean method com.frenchies.tennisclub.PersistenceSampleApplicationContext.instrumentationLoadTimeWeaver()
18:58:53.877 [main] DEBUG o.s.c.a.ConfigurationClassBeanDefinitionReader - Registering bean definition for @Bean method com.frenchies.tennisclub.PersistenceSampleApplicationContext.db()
18:58:53.877 [main] DEBUG o.s.c.a.ConfigurationClassBeanDefinitionReader - Registering bean definition for @Bean method com.frenchies.tennisclub.PersistenceSampleApplicationContext.localValidatorFactoryBean()
18:58:53.878 [main] DEBUG o.s.c.a.ConfigurationClassBeanDefinitionReader - Registering bean definition for @Bean method com.frenchies.tennisclub.PersistenceSampleApplicationContext.entityManagerFactory()
18:58:53.890 [main] DEBUG o.s.core.env.StandardEnvironment - Adding [systemProperties] PropertySource with lowest search precedence
18:58:53.890 [main] DEBUG o.s.core.env.StandardEnvironment - Adding [systemEnvironment] PropertySource with lowest search precedence
18:58:53.890 [main] DEBUG o.s.core.env.StandardEnvironment - Initialized StandardEnvironment with PropertySources [systemProperties,systemEnvironment]
18:58:53.892 [main] DEBUG o.s.c.i.s.PathMatchingResourcePatternResolver - Looking for matching resources in jar file [file:/home/thomasmeon/.m2/repository/org/springframework/data/spring-data-jpa/1.7.4.RELEASE/spring-data-jpa-1.7.4.RELEASE.jar]
18:58:53.896 [main] DEBUG o.s.c.i.s.PathMatchingResourcePatternResolver - Looking for matching resources in jar file [file:/home/thomasmeon/.m2/repository/org/springframework/data/spring-data-commons/1.9.4.RELEASE/spring-data-commons-1.9.4.RELEASE.jar]
18:58:53.903 [main] DEBUG o.s.c.i.s.PathMatchingResourcePatternResolver - Resolved location pattern [classpath*:org/springframework/data/**/repository/support/**/*.class] to resources [URL [jar:file:/home/thomasmeon/.m2/repository/org/springframework/data/spring-data-jpa/1.7.4.RELEASE/spring-data-jpa-1.7.4.RELEASE.jar!/org/springframework/data/jpa/repository/support/Querydsl$1.class], URL [jar:file:/home/thomasmeon/.m2/repository/org/springframework/data/spring-data-jpa/1.7.4.RELEASE/spring-data-jpa-1.7.4.RELEASE.jar!/org/springframework/data/jpa/repository/support/CrudMethodMetadataPostProcessor$ThreadBoundTargetSource.class], URL [jar:file:/home/thomasmeon/.m2/repository/org/springframework/data/spring-data-jpa/1.7.4.RELEASE/spring-data-jpa-1.7.4.RELEASE.jar!/org/springframework/data/jpa/repository/support/JpaPersistableEntityInformation.class], URL [jar:file:/home/thomasmeon/.m2/repository/org/springframework/data/spring-data-jpa/1.7.4.RELEASE/spring-data-jpa-1.7.4.RELEASE.jar!/org/springframework/data/jpa/repository/support/PersistenceProvider$4.class], URL [jar:file:/home/thomasmeon/.m2/repository/org/springframework/data/spring-data-jpa/1.7.4.RELEASE/spring-data-jpa-1.7.4.RELEASE.jar!/org/springframework/data/jpa/repository/support/CrudMethodMetadataPostProcessor.class], URL [jar:file:/home/thomasmeon/.m2/repository/org/springframework/data/spring-data-jpa/1.7.4.RELEASE/spring-data-jpa-1.7.4.RELEASE.jar!/org/springframework/data/jpa/repository/support/CrudMethodMetadataPostProcessor$1.class], URL [jar:file:/home/thomasmeon/.m2/repository/org/springframework/data/spring-data-jpa/1.7.4.RELEASE/spring-data-jpa-1.7.4.RELEASE.jar!/org/springframework/data/jpa/repository/support/JpaEntityInformation.class], URL [jar:file:/home/thomasmeon/.m2/repository/org/springframework/data/spring-data-jpa/1.7.4.RELEASE/spring-data-jpa-1.7.4.RELEASE.jar!/org/springframework/data/jpa/repository/support/JpaMetamodelEntityInformation.class], URL [jar:file:/home/thomasmeon/.m2/repository/org/springframework/data/spring-data-jpa/1.7.4.RELEASE/spring-data-jpa-1.7.4.RELEASE.jar!/org/springframework/data/jpa/repository/support/JpaMetamodelEntityInformation$IdMetadata.class], URL [jar:file:/home/thomasmeon/.m2/repository/org/springframework/data/spring-data-jpa/1.7.4.RELEASE/spring-data-jpa-1.7.4.RELEASE.jar!/org/springframework/data/jpa/repository/support/JpaEntityInformationSupport.class], URL [jar:file:/home/thomasmeon/.m2/repository/org/springframework/data/spring-data-jpa/1.7.4.RELEASE/spring-data-jpa-1.7.4.RELEASE.jar!/org/springframework/data/jpa/repository/support/PersistenceProvider$3.class], URL [jar:file:/home/thomasmeon/.m2/repository/org/springframework/data/spring-data-jpa/1.7.4.RELEASE/spring-data-jpa-1.7.4.RELEASE.jar!/org/springframework/data/jpa/repository/support/QueryDslRepositorySupport.class], URL [jar:file:/home/thomasmeon/.m2/repository/org/springframework/data/spring-data-jpa/1.7.4.RELEASE/spring-data-jpa-1.7.4.RELEASE.jar!/org/springframework/data/jpa/repository/support/JpaRepositoryFactory.class], URL [jar:file:/home/thomasmeon/.m2/repository/org/springframework/data/spring-data-jpa/1.7.4.RELEASE/spring-data-jpa-1.7.4.RELEASE.jar!/org/springframework/data/jpa/repository/support/CrudMethodMetadataPostProcessor$DefaultCrudMethodMetadata.class], URL [jar:file:/home/thomasmeon/.m2/repository/org/springframework/data/spring-data-jpa/1.7.4.RELEASE/spring-data-jpa-1.7.4.RELEASE.jar!/org/springframework/data/jpa/repository/support/PersistenceProvider.class], URL [jar:file:/home/thomasmeon/.m2/repository/org/springframework/data/spring-data-jpa/1.7.4.RELEASE/spring-data-jpa-1.7.4.RELEASE.jar!/org/springframework/data/jpa/repository/support/SimpleJpaRepository.class], URL [jar:file:/home/thomasmeon/.m2/repository/org/springframework/data/spring-data-jpa/1.7.4.RELEASE/spring-data-jpa-1.7.4.RELEASE.jar!/org/springframework/data/jpa/repository/support/CrudMethodMetadataPostProcessor$CrudMethodMetadataPopulatingMethodIntercceptor.class], URL [jar:file:/home/thomasmeon/.m2/repository/org/springframework/data/spring-data-jpa/1.7.4.RELEASE/spring-data-jpa-1.7.4.RELEASE.jar!/org/springframework/data/jpa/repository/support/Querydsl.class], URL [jar:file:/home/thomasmeon/.m2/repository/org/springframework/data/spring-data-jpa/1.7.4.RELEASE/spring-data-jpa-1.7.4.RELEASE.jar!/org/springframework/data/jpa/repository/support/CrudMethodMetadata.class], URL [jar:file:/home/thomasmeon/.m2/repository/org/springframework/data/spring-data-jpa/1.7.4.RELEASE/spring-data-jpa-1.7.4.RELEASE.jar!/org/springframework/data/jpa/repository/support/EntityManagerBeanDefinitionRegistrarPostProcessor.class], URL [jar:file:/home/thomasmeon/.m2/repository/org/springframework/data/spring-data-jpa/1.7.4.RELEASE/spring-data-jpa-1.7.4.RELEASE.jar!/org/springframework/data/jpa/repository/support/JpaMetamodelEntityInformation$IdentifierDerivingDirectFieldAccessFallbackBeanWrapper.class], URL [jar:file:/home/thomasmeon/.m2/repository/org/springframework/data/spring-data-jpa/1.7.4.RELEASE/spring-data-jpa-1.7.4.RELEASE.jar!/org/springframework/data/jpa/repository/support/PersistenceProvider$1.class], URL [jar:file:/home/thomasmeon/.m2/repository/org/springframework/data/spring-data-jpa/1.7.4.RELEASE/spring-data-jpa-1.7.4.RELEASE.jar!/org/springframework/data/jpa/repository/support/QueryDslJpaRepository.class], URL [jar:file:/home/thomasmeon/.m2/repository/org/springframework/data/spring-data-jpa/1.7.4.RELEASE/spring-data-jpa-1.7.4.RELEASE.jar!/org/springframework/data/jpa/repository/support/PersistenceProvider$2.class], URL [jar:file:/home/thomasmeon/.m2/repository/org/springframework/data/spring-data-jpa/1.7.4.RELEASE/spring-data-jpa-1.7.4.RELEASE.jar!/org/springframework/data/jpa/repository/support/JpaRepositoryFactoryBean.class], URL [jar:file:/home/thomasmeon/.m2/repository/org/springframework/data/spring-data-jpa/1.7.4.RELEASE/spring-data-jpa-1.7.4.RELEASE.jar!/org/springframework/data/jpa/repository/support/PersistenceProvider$Constants.class], URL [jar:file:/home/thomasmeon/.m2/repository/org/springframework/data/spring-data-jpa/1.7.4.RELEASE/spring-data-jpa-1.7.4.RELEASE.jar!/org/springframework/data/jpa/repository/support/SimpleJpaRepository$ByIdsSpecification.class], URL [jar:file:/home/thomasmeon/.m2/repository/org/springframework/data/spring-data-commons/1.9.4.RELEASE/spring-data-commons-1.9.4.RELEASE.jar!/org/springframework/data/repository/support/Repositories$EmptyRepositoryFactoryInformation.class], URL [jar:file:/home/thomasmeon/.m2/repository/org/springframework/data/spring-data-commons/1.9.4.RELEASE/spring-data-commons-1.9.4.RELEASE.jar!/org/springframework/data/repository/support/DomainClassPropertyEditorRegistrar.class], URL [jar:file:/home/thomasmeon/.m2/repository/org/springframework/data/spring-data-commons/1.9.4.RELEASE/spring-data-commons-1.9.4.RELEASE.jar!/org/springframework/data/repository/support/CrudRepositoryInvoker.class], URL [jar:file:/home/thomasmeon/.m2/repository/org/springframework/data/spring-data-commons/1.9.4.RELEASE/spring-data-commons-1.9.4.RELEASE.jar!/org/springframework/data/repository/support/Repositories.class], URL [jar:file:/home/thomasmeon/.m2/repository/org/springframework/data/spring-data-commons/1.9.4.RELEASE/spring-data-commons-1.9.4.RELEASE.jar!/org/springframework/data/repository/support/ReflectionRepositoryInvoker.class], URL [jar:file:/home/thomasmeon/.m2/repository/org/springframework/data/spring-data-commons/1.9.4.RELEASE/spring-data-commons-1.9.4.RELEASE.jar!/org/springframework/data/repository/support/DomainClassPropertyEditor.class], URL [jar:file:/home/thomasmeon/.m2/repository/org/springframework/data/spring-data-commons/1.9.4.RELEASE/spring-data-commons-1.9.4.RELEASE.jar!/org/springframework/data/repository/support/DomainClassConverter.class]]
18:58:53.918 [main] DEBUG o.s.c.a.ClassPathScanningCandidateComponentProvider - Identified candidate component class: URL [jar:file:/home/thomasmeon/.m2/repository/org/springframework/data/spring-data-jpa/1.7.4.RELEASE/spring-data-jpa-1.7.4.RELEASE.jar!/org/springframework/data/jpa/repository/support/JpaRepositoryFactory.class]
18:58:53.949 [main] DEBUG o.s.core.env.StandardEnvironment - Adding [systemProperties] PropertySource with lowest search precedence
18:58:53.949 [main] DEBUG o.s.core.env.StandardEnvironment - Adding [systemEnvironment] PropertySource with lowest search precedence
18:58:53.949 [main] DEBUG o.s.core.env.StandardEnvironment - Initialized StandardEnvironment with PropertySources [systemProperties,systemEnvironment]
18:58:53.951 [main] DEBUG o.s.c.i.s.PathMatchingResourcePatternResolver - Looking for matching resources in directory tree [/home/thomasmeon/Bureau/Projet/tennisclub/tennisclubproject/tennisclub-service/target/test-classes/com/frenchies/tennisclub]
18:58:53.952 [main] DEBUG o.s.c.i.s.PathMatchingResourcePatternResolver - Searching directory [/home/thomasmeon/Bureau/Projet/tennisclub/tennisclubproject/tennisclub-service/target/test-classes/com/frenchies/tennisclub] for files matching pattern [/home/thomasmeon/Bureau/Projet/tennisclub/tennisclubproject/tennisclub-service/target/test-classes/com/frenchies/tennisclub/**/*.class]
18:58:53.952 [main] DEBUG o.s.c.i.s.PathMatchingResourcePatternResolver - Searching directory [/home/thomasmeon/Bureau/Projet/tennisclub/tennisclubproject/tennisclub-service/target/test-classes/com/frenchies/tennisclub/service] for files matching pattern [/home/thomasmeon/Bureau/Projet/tennisclub/tennisclubproject/tennisclub-service/target/test-classes/com/frenchies/tennisclub/**/*.class]
18:58:53.953 [main] DEBUG o.s.c.i.s.PathMatchingResourcePatternResolver - Looking for matching resources in directory tree [/home/thomasmeon/Bureau/Projet/tennisclub/tennisclubproject/tennisclub-service/target/classes/com/frenchies/tennisclub]
18:58:53.953 [main] DEBUG o.s.c.i.s.PathMatchingResourcePatternResolver - Searching directory [/home/thomasmeon/Bureau/Projet/tennisclub/tennisclubproject/tennisclub-service/target/classes/com/frenchies/tennisclub] for files matching pattern [/home/thomasmeon/Bureau/Projet/tennisclub/tennisclubproject/tennisclub-service/target/classes/com/frenchies/tennisclub/**/*.class]
18:58:53.953 [main] DEBUG o.s.c.i.s.PathMatchingResourcePatternResolver - Searching directory [/home/thomasmeon/Bureau/Projet/tennisclub/tennisclubproject/tennisclub-service/target/classes/com/frenchies/tennisclub/service] for files matching pattern [/home/thomasmeon/Bureau/Projet/tennisclub/tennisclubproject/tennisclub-service/target/classes/com/frenchies/tennisclub/**/*.class]
18:58:53.953 [main] DEBUG o.s.c.i.s.PathMatchingResourcePatternResolver - Searching directory [/home/thomasmeon/Bureau/Projet/tennisclub/tennisclubproject/tennisclub-service/target/classes/com/frenchies/tennisclub/service/facade] for files matching pattern [/home/thomasmeon/Bureau/Projet/tennisclub/tennisclubproject/tennisclub-service/target/classes/com/frenchies/tennisclub/**/*.class]
18:58:53.954 [main] DEBUG o.s.c.i.s.PathMatchingResourcePatternResolver - Searching directory [/home/thomasmeon/Bureau/Projet/tennisclub/tennisclubproject/tennisclub-service/target/classes/com/frenchies/tennisclub/service/config] for files matching pattern [/home/thomasmeon/Bureau/Projet/tennisclub/tennisclubproject/tennisclub-service/target/classes/com/frenchies/tennisclub/**/*.class]
18:58:53.954 [main] DEBUG o.s.c.i.s.PathMatchingResourcePatternResolver - Searching directory [/home/thomasmeon/Bureau/Projet/tennisclub/tennisclubproject/tennisclub-service/target/classes/com/frenchies/tennisclub/mappers] for files matching pattern [/home/thomasmeon/Bureau/Projet/tennisclub/tennisclubproject/tennisclub-service/target/classes/com/frenchies/tennisclub/**/*.class]
18:58:53.955 [main] DEBUG o.s.c.i.s.PathMatchingResourcePatternResolver - Looking for matching resources in jar file [file:/home/thomasmeon/Bureau/Projet/tennisclub/tennisclubproject/tennisclub-api/target/tennisclub-api-1.0-SNAPSHOT.jar]
18:58:53.956 [main] DEBUG o.s.c.i.s.PathMatchingResourcePatternResolver - Looking for matching resources in jar file [file:/home/thomasmeon/Bureau/Projet/tennisclub/tennisclubproject/tennisclub-persistence/target/tennisclub-persistence-1.0-SNAPSHOT.jar]
18:58:53.957 [main] DEBUG o.s.c.i.s.PathMatchingResourcePatternResolver - Resolved location pattern [classpath*:com/frenchies/tennisclub/**/*.class] to resources [file [/home/thomasmeon/Bureau/Projet/tennisclub/tennisclubproject/tennisclub-service/target/test-classes/com/frenchies/tennisclub/service/CourtServiceTest.class], file [/home/thomasmeon/Bureau/Projet/tennisclub/tennisclubproject/tennisclub-service/target/test-classes/com/frenchies/tennisclub/service/BeanMappingServiceTest.class], file [/home/thomasmeon/Bureau/Projet/tennisclub/tennisclubproject/tennisclub-service/target/test-classes/com/frenchies/tennisclub/service/BookingServiceTest.class], file [/home/thomasmeon/Bureau/Projet/tennisclub/tennisclubproject/tennisclub-service/target/classes/com/frenchies/tennisclub/service/facade/BookingFacadeImpl.class], file [/home/thomasmeon/Bureau/Projet/tennisclub/tennisclubproject/tennisclub-service/target/classes/com/frenchies/tennisclub/service/facade/UserFacadeImpl.class], file [/home/thomasmeon/Bureau/Projet/tennisclub/tennisclubproject/tennisclub-service/target/classes/com/frenchies/tennisclub/service/facade/CourtFacadeImpl.class], file [/home/thomasmeon/Bureau/Projet/tennisclub/tennisclubproject/tennisclub-service/target/classes/com/frenchies/tennisclub/service/UserServiceImpl.class], file [/home/thomasmeon/Bureau/Projet/tennisclub/tennisclubproject/tennisclub-service/target/classes/com/frenchies/tennisclub/service/TimeService.class], file [/home/thomasmeon/Bureau/Projet/tennisclub/tennisclubproject/tennisclub-service/target/classes/com/frenchies/tennisclub/service/config/ServiceConfiguration$DozerCustomConfig.class], file [/home/thomasmeon/Bureau/Projet/tennisclub/tennisclubproject/tennisclub-service/target/classes/com/frenchies/tennisclub/service/config/ServiceConfiguration.class], file [/home/thomasmeon/Bureau/Projet/tennisclub/tennisclubproject/tennisclub-service/target/classes/com/frenchies/tennisclub/service/CourtService.class], file [/home/thomasmeon/Bureau/Projet/tennisclub/tennisclubproject/tennisclub-service/target/classes/com/frenchies/tennisclub/service/BookingServiceImpl.class], file [/home/thomasmeon/Bureau/Projet/tennisclub/tennisclubproject/tennisclub-service/target/classes/com/frenchies/tennisclub/service/TimeServiceImpl.class], file [/home/thomasmeon/Bureau/Projet/tennisclub/tennisclubproject/tennisclub-service/target/classes/com/frenchies/tennisclub/service/CourtServiceImpl.class], file [/home/thomasmeon/Bureau/Projet/tennisclub/tennisclubproject/tennisclub-service/target/classes/com/frenchies/tennisclub/service/BookingService.class], file [/home/thomasmeon/Bureau/Projet/tennisclub/tennisclubproject/tennisclub-service/target/classes/com/frenchies/tennisclub/service/UserService.class], file [/home/thomasmeon/Bureau/Projet/tennisclub/tennisclubproject/tennisclub-service/target/classes/com/frenchies/tennisclub/mappers/BeanMappingServiceImpl.class], file [/home/thomasmeon/Bureau/Projet/tennisclub/tennisclubproject/tennisclub-service/target/classes/com/frenchies/tennisclub/mappers/BeanMappingService.class], URL [jar:file:/home/thomasmeon/Bureau/Projet/tennisclub/tennisclubproject/tennisclub-api/target/tennisclub-api-1.0-SNAPSHOT.jar!/com/frenchies/tennisclub/enums/Hour24.class], URL [jar:file:/home/thomasmeon/Bureau/Projet/tennisclub/tennisclubproject/tennisclub-api/target/tennisclub-api-1.0-SNAPSHOT.jar!/com/frenchies/tennisclub/enums/CourtType.class], URL [jar:file:/home/thomasmeon/Bureau/Projet/tennisclub/tennisclubproject/tennisclub-api/target/tennisclub-api-1.0-SNAPSHOT.jar!/com/frenchies/tennisclub/enums/Status.class], URL [jar:file:/home/thomasmeon/Bureau/Projet/tennisclub/tennisclubproject/tennisclub-api/target/tennisclub-api-1.0-SNAPSHOT.jar!/com/frenchies/tennisclub/exceptions/UserAuthentificationException.class], URL [jar:file:/home/thomasmeon/Bureau/Projet/tennisclub/tennisclubproject/tennisclub-api/target/tennisclub-api-1.0-SNAPSHOT.jar!/com/frenchies/tennisclub/facade/BookingFacade.class], URL [jar:file:/home/thomasmeon/Bureau/Projet/tennisclub/tennisclubproject/tennisclub-api/target/tennisclub-api-1.0-SNAPSHOT.jar!/com/frenchies/tennisclub/facade/UserFacade.class], URL [jar:file:/home/thomasmeon/Bureau/Projet/tennisclub/tennisclubproject/tennisclub-api/target/tennisclub-api-1.0-SNAPSHOT.jar!/com/frenchies/tennisclub/facade/CourtFacade.class], URL [jar:file:/home/thomasmeon/Bureau/Projet/tennisclub/tennisclubproject/tennisclub-api/target/tennisclub-api-1.0-SNAPSHOT.jar!/com/frenchies/tennisclub/dto/UserUpdatePasswordDTO.class], URL [jar:file:/home/thomasmeon/Bureau/Projet/tennisclub/tennisclubproject/tennisclub-api/target/tennisclub-api-1.0-SNAPSHOT.jar!/com/frenchies/tennisclub/dto/UserAuthenticateDTO.class], URL [jar:file:/home/thomasmeon/Bureau/Projet/tennisclub/tennisclubproject/tennisclub-api/target/tennisclub-api-1.0-SNAPSHOT.jar!/com/frenchies/tennisclub/dto/BookingCreateDTO.class], URL [jar:file:/home/thomasmeon/Bureau/Projet/tennisclub/tennisclubproject/tennisclub-api/target/tennisclub-api-1.0-SNAPSHOT.jar!/com/frenchies/tennisclub/dto/CourtCreateDTO.class], URL [jar:file:/home/thomasmeon/Bureau/Projet/tennisclub/tennisclubproject/tennisclub-api/target/tennisclub-api-1.0-SNAPSHOT.jar!/com/frenchies/tennisclub/dto/BookingDTO.class], URL [jar:file:/home/thomasmeon/Bureau/Projet/tennisclub/tennisclubproject/tennisclub-api/target/tennisclub-api-1.0-SNAPSHOT.jar!/com/frenchies/tennisclub/dto/UserUpdateDTO.class], URL [jar:file:/home/thomasmeon/Bureau/Projet/tennisclub/tennisclubproject/tennisclub-api/target/tennisclub-api-1.0-SNAPSHOT.jar!/com/frenchies/tennisclub/dto/CourtDTO.class], URL [jar:file:/home/thomasmeon/Bureau/Projet/tennisclub/tennisclubproject/tennisclub-api/target/tennisclub-api-1.0-SNAPSHOT.jar!/com/frenchies/tennisclub/dto/UserDTO.class], URL [jar:file:/home/thomasmeon/Bureau/Projet/tennisclub/tennisclubproject/tennisclub-persistence/target/tennisclub-persistence-1.0-SNAPSHOT.jar!/com/frenchies/tennisclub/enums/Hour24.class], URL [jar:file:/home/thomasmeon/Bureau/Projet/tennisclub/tennisclubproject/tennisclub-persistence/target/tennisclub-persistence-1.0-SNAPSHOT.jar!/com/frenchies/tennisclub/enums/CourtType.class], URL [jar:file:/home/thomasmeon/Bureau/Projet/tennisclub/tennisclubproject/tennisclub-persistence/target/tennisclub-persistence-1.0-SNAPSHOT.jar!/com/frenchies/tennisclub/enums/Status.class], URL [jar:file:/home/thomasmeon/Bureau/Projet/tennisclub/tennisclubproject/tennisclub-persistence/target/tennisclub-persistence-1.0-SNAPSHOT.jar!/com/frenchies/tennisclub/dao/BookingDao.class], URL [jar:file:/home/thomasmeon/Bureau/Projet/tennisclub/tennisclubproject/tennisclub-persistence/target/tennisclub-persistence-1.0-SNAPSHOT.jar!/com/frenchies/tennisclub/dao/CourtDao.class], URL [jar:file:/home/thomasmeon/Bureau/Projet/tennisclub/tennisclubproject/tennisclub-persistence/target/tennisclub-persistence-1.0-SNAPSHOT.jar!/com/frenchies/tennisclub/dao/BookingDaoImpl.class], URL [jar:file:/home/thomasmeon/Bureau/Projet/tennisclub/tennisclubproject/tennisclub-persistence/target/tennisclub-persistence-1.0-SNAPSHOT.jar!/com/frenchies/tennisclub/dao/CourtDaoImpl.class], URL [jar:file:/home/thomasmeon/Bureau/Projet/tennisclub/tennisclubproject/tennisclub-persistence/target/tennisclub-persistence-1.0-SNAPSHOT.jar!/com/frenchies/tennisclub/dao/UserDao.class], URL [jar:file:/home/thomasmeon/Bureau/Projet/tennisclub/tennisclubproject/tennisclub-persistence/target/tennisclub-persistence-1.0-SNAPSHOT.jar!/com/frenchies/tennisclub/dao/UserDaoImpl.class], URL [jar:file:/home/thomasmeon/Bureau/Projet/tennisclub/tennisclubproject/tennisclub-persistence/target/tennisclub-persistence-1.0-SNAPSHOT.jar!/com/frenchies/tennisclub/entity/User.class], URL [jar:file:/home/thomasmeon/Bureau/Projet/tennisclub/tennisclubproject/tennisclub-persistence/target/tennisclub-persistence-1.0-SNAPSHOT.jar!/com/frenchies/tennisclub/entity/Court.class], URL [jar:file:/home/thomasmeon/Bureau/Projet/tennisclub/tennisclubproject/tennisclub-persistence/target/tennisclub-persistence-1.0-SNAPSHOT.jar!/com/frenchies/tennisclub/entity/Booking.class], URL [jar:file:/home/thomasmeon/Bureau/Projet/tennisclub/tennisclubproject/tennisclub-persistence/target/tennisclub-persistence-1.0-SNAPSHOT.jar!/com/frenchies/tennisclub/PersistenceSampleApplicationContext.class]]
18:58:53.992 [main] DEBUG o.s.c.a.ConfigurationClassBeanDefinitionReader - Registering bean definition for @Bean method com.frenchies.tennisclub.service.config.ServiceConfiguration.dozer()
18:58:54.076 [main] DEBUG o.s.c.a.ConfigurationClassEnhancer - Successfully enhanced com.frenchies.tennisclub.service.config.ServiceConfiguration; enhanced class name is: com.frenchies.tennisclub.service.config.ServiceConfiguration$$EnhancerBySpringCGLIB$$45e3a2bc
18:58:54.077 [main] DEBUG o.s.c.a.ConfigurationClassPostProcessor - Replacing bean definition 'serviceConfiguration' existing class name 'com.frenchies.tennisclub.service.config.ServiceConfiguration' with enhanced class name 'com.frenchies.tennisclub.service.config.ServiceConfiguration$$EnhancerBySpringCGLIB$$45e3a2bc'
18:58:54.083 [main] DEBUG o.s.c.a.ConfigurationClassEnhancer - Successfully enhanced org.springframework.transaction.annotation.ProxyTransactionManagementConfiguration; enhanced class name is: org.springframework.transaction.annotation.ProxyTransactionManagementConfiguration$$EnhancerBySpringCGLIB$$ecfa89a2
18:58:54.083 [main] DEBUG o.s.c.a.ConfigurationClassPostProcessor - Replacing bean definition 'org.springframework.transaction.annotation.ProxyTransactionManagementConfiguration' existing class name 'org.springframework.transaction.annotation.ProxyTransactionManagementConfiguration' with enhanced class name 'org.springframework.transaction.annotation.ProxyTransactionManagementConfiguration$$EnhancerBySpringCGLIB$$ecfa89a2'
18:58:54.087 [main] DEBUG o.s.c.a.ConfigurationClassEnhancer - Successfully enhanced com.frenchies.tennisclub.PersistenceSampleApplicationContext; enhanced class name is: com.frenchies.tennisclub.PersistenceSampleApplicationContext$$EnhancerBySpringCGLIB$$7fa08a10
18:58:54.087 [main] DEBUG o.s.c.a.ConfigurationClassPostProcessor - Replacing bean definition 'com.frenchies.tennisclub.PersistenceSampleApplicationContext' existing class name 'com.frenchies.tennisclub.PersistenceSampleApplicationContext' with enhanced class name 'com.frenchies.tennisclub.PersistenceSampleApplicationContext$$EnhancerBySpringCGLIB$$7fa08a10'
18:58:54.092 [main] DEBUG o.s.b.f.s.DefaultListableBeanFactory - Creating shared instance of singleton bean 'foo'
18:58:54.092 [main] DEBUG o.s.b.f.s.DefaultListableBeanFactory - Creating instance of bean 'foo'
18:58:54.092 [main] DEBUG o.s.b.f.s.DefaultListableBeanFactory - Eagerly caching bean 'foo' to allow for resolving potential circular references
18:58:54.092 [main] DEBUG o.s.b.f.s.DefaultListableBeanFactory - Finished creating instance of bean 'foo'
18:58:54.106 [main] DEBUG o.s.b.f.s.DefaultListableBeanFactory - Creating shared instance of singleton bean 'org.springframework.context.annotation.internalAutowiredAnnotationProcessor'
18:58:54.106 [main] DEBUG o.s.b.f.s.DefaultListableBeanFactory - Creating instance of bean 'org.springframework.context.annotation.internalAutowiredAnnotationProcessor'
18:58:54.107 [main] INFO  o.s.b.f.a.AutowiredAnnotationBeanPostProcessor - JSR-330 'javax.inject.Inject' annotation found and supported for autowiring
18:58:54.107 [main] DEBUG o.s.b.f.s.DefaultListableBeanFactory - Eagerly caching bean 'org.springframework.context.annotation.internalAutowiredAnnotationProcessor' to allow for resolving potential circular references
18:58:54.107 [main] DEBUG o.s.b.f.s.DefaultListableBeanFactory - Finished creating instance of bean 'org.springframework.context.annotation.internalAutowiredAnnotationProcessor'
18:58:54.107 [main] DEBUG o.s.b.f.s.DefaultListableBeanFactory - Creating shared instance of singleton bean 'org.springframework.context.annotation.internalRequiredAnnotationProcessor'
18:58:54.107 [main] DEBUG o.s.b.f.s.DefaultListableBeanFactory - Creating instance of bean 'org.springframework.context.annotation.internalRequiredAnnotationProcessor'
18:58:54.108 [main] DEBUG o.s.b.f.s.DefaultListableBeanFactory - Eagerly caching bean 'org.springframework.context.annotation.internalRequiredAnnotationProcessor' to allow for resolving potential circular references
18:58:54.108 [main] DEBUG o.s.b.f.s.DefaultListableBeanFactory - Finished creating instance of bean 'org.springframework.context.annotation.internalRequiredAnnotationProcessor'
18:58:54.108 [main] DEBUG o.s.b.f.s.DefaultListableBeanFactory - Creating shared instance of singleton bean 'org.springframework.context.annotation.internalCommonAnnotationProcessor'
18:58:54.108 [main] DEBUG o.s.b.f.s.DefaultListableBeanFactory - Creating instance of bean 'org.springframework.context.annotation.internalCommonAnnotationProcessor'
18:58:54.111 [main] DEBUG o.s.b.f.s.DefaultListableBeanFactory - Eagerly caching bean 'org.springframework.context.annotation.internalCommonAnnotationProcessor' to allow for resolving potential circular references
18:58:54.111 [main] DEBUG o.s.b.f.s.DefaultListableBeanFactory - Finished creating instance of bean 'org.springframework.context.annotation.internalCommonAnnotationProcessor'
18:58:54.111 [main] DEBUG o.s.b.f.s.DefaultListableBeanFactory - Creating shared instance of singleton bean 'org.springframework.context.annotation.internalPersistenceAnnotationProcessor'
18:58:54.111 [main] DEBUG o.s.b.f.s.DefaultListableBeanFactory - Creating instance of bean 'org.springframework.context.annotation.internalPersistenceAnnotationProcessor'
18:58:54.111 [main] DEBUG o.s.b.f.s.DefaultListableBeanFactory - Eagerly caching bean 'org.springframework.context.annotation.internalPersistenceAnnotationProcessor' to allow for resolving potential circular references
18:58:54.111 [main] DEBUG o.s.b.f.s.DefaultListableBeanFactory - Finished creating instance of bean 'org.springframework.context.annotation.internalPersistenceAnnotationProcessor'
18:58:54.111 [main] DEBUG o.s.b.f.s.DefaultListableBeanFactory - Creating shared instance of singleton bean 'org.springframework.context.annotation.ConfigurationClassPostProcessor.importAwareProcessor'
18:58:54.111 [main] DEBUG o.s.b.f.s.DefaultListableBeanFactory - Creating instance of bean 'org.springframework.context.annotation.ConfigurationClassPostProcessor.importAwareProcessor'
18:58:54.111 [main] DEBUG o.s.b.f.s.DefaultListableBeanFactory - Eagerly caching bean 'org.springframework.context.annotation.ConfigurationClassPostProcessor.importAwareProcessor' to allow for resolving potential circular references
18:58:54.111 [main] DEBUG o.s.b.f.s.DefaultListableBeanFactory - Finished creating instance of bean 'org.springframework.context.annotation.ConfigurationClassPostProcessor.importAwareProcessor'
18:58:54.111 [main] DEBUG o.s.b.f.s.DefaultListableBeanFactory - Creating shared instance of singleton bean 'org.springframework.context.annotation.ConfigurationClassPostProcessor.enhancedConfigurationProcessor'
18:58:54.112 [main] DEBUG o.s.b.f.s.DefaultListableBeanFactory - Creating instance of bean 'org.springframework.context.annotation.ConfigurationClassPostProcessor.enhancedConfigurationProcessor'
18:58:54.112 [main] DEBUG o.s.b.f.s.DefaultListableBeanFactory - Eagerly caching bean 'org.springframework.context.annotation.ConfigurationClassPostProcessor.enhancedConfigurationProcessor' to allow for resolving potential circular references
18:58:54.112 [main] DEBUG o.s.b.f.s.DefaultListableBeanFactory - Finished creating instance of bean 'org.springframework.context.annotation.ConfigurationClassPostProcessor.enhancedConfigurationProcessor'
18:58:54.112 [main] DEBUG o.s.b.f.s.DefaultListableBeanFactory - Creating shared instance of singleton bean 'org.springframework.data.repository.core.support.RepositoryInterfaceAwareBeanPostProcessor'
18:58:54.112 [main] DEBUG o.s.b.f.s.DefaultListableBeanFactory - Creating instance of bean 'org.springframework.data.repository.core.support.RepositoryInterfaceAwareBeanPostProcessor'
18:58:54.112 [main] DEBUG o.s.b.f.s.DefaultListableBeanFactory - Eagerly caching bean 'org.springframework.data.repository.core.support.RepositoryInterfaceAwareBeanPostProcessor' to allow for resolving potential circular references
18:58:54.112 [main] DEBUG o.s.b.f.s.DefaultListableBeanFactory - Finished creating instance of bean 'org.springframework.data.repository.core.support.RepositoryInterfaceAwareBeanPostProcessor'
18:58:54.113 [main] DEBUG o.s.b.f.s.DefaultListableBeanFactory - Creating shared instance of singleton bean 'org.springframework.aop.config.internalAutoProxyCreator'
18:58:54.113 [main] DEBUG o.s.b.f.s.DefaultListableBeanFactory - Creating instance of bean 'org.springframework.aop.config.internalAutoProxyCreator'
18:58:54.121 [main] DEBUG o.s.b.f.s.DefaultListableBeanFactory - Eagerly caching bean 'org.springframework.aop.config.internalAutoProxyCreator' to allow for resolving potential circular references
18:58:54.146 [main] DEBUG o.s.b.f.s.DefaultListableBeanFactory - Finished creating instance of bean 'org.springframework.aop.config.internalAutoProxyCreator'
18:58:54.148 [main] DEBUG o.s.c.s.GenericApplicationContext - Unable to locate MessageSource with name 'messageSource': using default [org.springframework.context.support.DelegatingMessageSource@2f67a4d3]
18:58:54.149 [main] DEBUG o.s.c.s.GenericApplicationContext - Unable to locate ApplicationEventMulticaster with name 'applicationEventMulticaster': using default [org.springframework.context.event.SimpleApplicationEventMulticaster@4f49f6af]
18:58:54.157 [main] DEBUG o.s.b.f.s.DefaultListableBeanFactory - Creating shared instance of singleton bean 'entityManagerFactory'
18:58:54.157 [main] DEBUG o.s.b.f.s.DefaultListableBeanFactory - Creating instance of bean 'entityManagerFactory'
18:58:54.159 [main] DEBUG o.s.b.f.s.DefaultListableBeanFactory - Creating shared instance of singleton bean 'com.frenchies.tennisclub.PersistenceSampleApplicationContext'
18:58:54.159 [main] DEBUG o.s.b.f.s.DefaultListableBeanFactory - Creating instance of bean 'com.frenchies.tennisclub.PersistenceSampleApplicationContext'
18:58:54.160 [main] DEBUG o.s.b.f.s.DefaultListableBeanFactory - Eagerly caching bean 'com.frenchies.tennisclub.PersistenceSampleApplicationContext' to allow for resolving potential circular references
18:58:54.167 [main] DEBUG o.s.b.f.s.DefaultListableBeanFactory - Creating shared instance of singleton bean 'org.springframework.transaction.config.internalTransactionAdvisor'
18:58:54.167 [main] DEBUG o.s.b.f.s.DefaultListableBeanFactory - Creating instance of bean 'org.springframework.transaction.config.internalTransactionAdvisor'
18:58:54.167 [main] DEBUG o.s.b.f.s.DefaultListableBeanFactory - Creating shared instance of singleton bean 'org.springframework.transaction.annotation.ProxyTransactionManagementConfiguration'
18:58:54.167 [main] DEBUG o.s.b.f.s.DefaultListableBeanFactory - Creating instance of bean 'org.springframework.transaction.annotation.ProxyTransactionManagementConfiguration'
18:58:54.174 [main] DEBUG o.s.b.f.annotation.InjectionMetadata - Registered injected element on class [org.springframework.transaction.annotation.ProxyTransactionManagementConfiguration$$EnhancerBySpringCGLIB$$ecfa89a2]: AutowiredMethodElement for void org.springframework.transaction.annotation.AbstractTransactionManagementConfiguration.setConfigurers(java.util.Collection)
18:58:54.174 [main] DEBUG o.s.b.f.s.DefaultListableBeanFactory - Eagerly caching bean 'org.springframework.transaction.annotation.ProxyTransactionManagementConfiguration' to allow for resolving potential circular references
18:58:54.174 [main] DEBUG o.s.b.f.annotation.InjectionMetadata - Processing injected element of bean 'org.springframework.transaction.annotation.ProxyTransactionManagementConfiguration': AutowiredMethodElement for void org.springframework.transaction.annotation.AbstractTransactionManagementConfiguration.setConfigurers(java.util.Collection)
18:58:54.180 [main] DEBUG o.s.b.f.s.DefaultListableBeanFactory - Returning cached instance of singleton bean 'org.springframework.context.annotation.ConfigurationClassPostProcessor.importRegistry'
18:58:54.180 [main] DEBUG o.s.a.f.a.BeanFactoryAdvisorRetrievalHelper - Skipping currently created advisor 'org.springframework.transaction.config.internalTransactionAdvisor'
18:58:54.182 [main] DEBUG o.s.b.f.s.DefaultListableBeanFactory - Finished creating instance of bean 'org.springframework.transaction.annotation.ProxyTransactionManagementConfiguration'
18:58:54.200 [main] DEBUG o.s.b.f.s.DefaultListableBeanFactory - Creating shared instance of singleton bean 'transactionAttributeSource'
18:58:54.200 [main] DEBUG o.s.b.f.s.DefaultListableBeanFactory - Creating instance of bean 'transactionAttributeSource'
18:58:54.200 [main] DEBUG o.s.b.f.s.DefaultListableBeanFactory - Returning cached instance of singleton bean 'org.springframework.transaction.annotation.ProxyTransactionManagementConfiguration'
18:58:54.201 [main] DEBUG o.s.b.f.s.DefaultListableBeanFactory - Eagerly caching bean 'transactionAttributeSource' to allow for resolving potential circular references
18:58:54.204 [main] DEBUG o.s.a.f.a.BeanFactoryAdvisorRetrievalHelper - Skipping currently created advisor 'org.springframework.transaction.config.internalTransactionAdvisor'
18:58:54.204 [main] DEBUG o.s.b.f.s.DefaultListableBeanFactory - Finished creating instance of bean 'transactionAttributeSource'
18:58:54.204 [main] DEBUG o.s.b.f.s.DefaultListableBeanFactory - Creating shared instance of singleton bean 'transactionInterceptor'
18:58:54.204 [main] DEBUG o.s.b.f.s.DefaultListableBeanFactory - Creating instance of bean 'transactionInterceptor'
18:58:54.205 [main] DEBUG o.s.b.f.s.DefaultListableBeanFactory - Returning cached instance of singleton bean 'org.springframework.transaction.annotation.ProxyTransactionManagementConfiguration'
18:58:54.207 [main] DEBUG o.s.b.f.s.DefaultListableBeanFactory - Returning cached instance of singleton bean 'transactionAttributeSource'
18:58:54.212 [main] DEBUG o.s.b.f.s.DefaultListableBeanFactory - Eagerly caching bean 'transactionInterceptor' to allow for resolving potential circular references
18:58:54.215 [main] DEBUG o.s.b.f.s.DefaultListableBeanFactory - Invoking afterPropertiesSet() on bean with name 'transactionInterceptor'
18:58:54.215 [main] DEBUG o.s.b.f.s.DefaultListableBeanFactory - Finished creating instance of bean 'transactionInterceptor'
18:58:54.216 [main] DEBUG o.s.b.f.s.DefaultListableBeanFactory - Eagerly caching bean 'org.springframework.transaction.config.internalTransactionAdvisor' to allow for resolving potential circular references
18:58:54.220 [main] DEBUG o.s.b.f.s.DefaultListableBeanFactory - Finished creating instance of bean 'org.springframework.transaction.config.internalTransactionAdvisor'
18:58:54.223 [main] DEBUG o.s.b.f.s.DefaultListableBeanFactory - Finished creating instance of bean 'com.frenchies.tennisclub.PersistenceSampleApplicationContext'
18:58:54.234 [main] DEBUG o.s.b.f.s.DefaultListableBeanFactory - Creating shared instance of singleton bean 'db'
18:58:54.235 [main] DEBUG o.s.b.f.s.DefaultListableBeanFactory - Creating instance of bean 'db'
18:58:54.235 [main] DEBUG o.s.b.f.s.DefaultListableBeanFactory - Returning cached instance of singleton bean 'com.frenchies.tennisclub.PersistenceSampleApplicationContext'
18:58:54.242 [main] INFO  o.s.j.d.e.EmbeddedDatabaseFactory - Creating embedded database 'testdb'
18:58:54.411 [main] DEBUG o.s.jdbc.datasource.DataSourceUtils - Fetching JDBC Connection from DataSource
18:58:54.411 [main] DEBUG o.s.j.d.SimpleDriverDataSource - Creating new JDBC Driver Connection to [jdbc:derby:memory:testdb;create=true]
18:58:54.854 [main] DEBUG o.s.jdbc.datasource.DataSourceUtils - Returning JDBC Connection to DataSource
18:58:54.855 [main] DEBUG o.s.b.f.s.DefaultListableBeanFactory - Eagerly caching bean 'db' to allow for resolving potential circular references
18:58:54.858 [main] DEBUG o.s.b.f.s.DefaultListableBeanFactory - Returning cached instance of singleton bean 'org.springframework.transaction.config.internalTransactionAdvisor'
18:58:54.859 [main] DEBUG o.s.b.f.s.DefaultListableBeanFactory - Finished creating instance of bean 'db'
18:58:54.860 [main] DEBUG o.s.b.f.s.DefaultListableBeanFactory - Creating shared instance of singleton bean 'instrumentationLoadTimeWeaver'
18:58:54.860 [main] DEBUG o.s.b.f.s.DefaultListableBeanFactory - Creating instance of bean 'instrumentationLoadTimeWeaver'
18:58:54.860 [main] DEBUG o.s.b.f.s.DefaultListableBeanFactory - Returning cached instance of singleton bean 'com.frenchies.tennisclub.PersistenceSampleApplicationContext'
18:58:54.863 [main] DEBUG o.s.b.f.s.DefaultListableBeanFactory - Eagerly caching bean 'instrumentationLoadTimeWeaver' to allow for resolving potential circular references
18:58:54.864 [main] DEBUG o.s.b.f.s.DefaultListableBeanFactory - Returning cached instance of singleton bean 'org.springframework.transaction.config.internalTransactionAdvisor'
18:58:54.865 [main] DEBUG o.s.b.f.s.DefaultListableBeanFactory - Finished creating instance of bean 'instrumentationLoadTimeWeaver'
18:58:54.875 [main] DEBUG org.jboss.logging - Logging Provider: org.jboss.logging.Slf4jLoggerProvider
18:58:54.879 [main] DEBUG o.s.b.f.s.DefaultListableBeanFactory - Eagerly caching bean 'entityManagerFactory' to allow for resolving potential circular references
18:58:54.887 [main] DEBUG o.s.b.f.s.DefaultListableBeanFactory - Invoking afterPropertiesSet() on bean with name 'entityManagerFactory'
18:58:54.925 [main] INFO  o.s.o.j.LocalContainerEntityManagerFactoryBean - Building JPA container EntityManagerFactory for persistence unit 'default'
18:58:54.945 [main] DEBUG o.h.jpa.internal.util.LogHelper - PersistenceUnitInfo [
	name: default
	persistence provider classname: org.hibernate.ejb.HibernatePersistence
	classloader: sun.misc.Launcher$AppClassLoader@7f31245a
	excludeUnlistedClasses: false
	JTA datasource: null
	Non JTA datasource: org.springframework.jdbc.datasource.embedded.EmbeddedDatabaseFactory$EmbeddedDataSourceProxy@625e134e
	Transaction type: RESOURCE_LOCAL
	PU root URL: file:/home/thomasmeon/Bureau/Projet/tennisclub/tennisclubproject/tennisclub-persistence/target/tennisclub-persistence-1.0-SNAPSHOT.jar
	Shared Cache Mode: UNSPECIFIED
	Validation Mode: AUTO
	Jar files URLs []
	Managed classes names []
	Mapping files names []
	Properties [
		hibernate.cache.provider_class: org.hibernate.cache.NoCacheProvider
		hibernate.connection.url: jdbc:derby:memory:testdb
		hibernate.show_sql: true
		hibernate.connection.driver_class: org.apache.derby.jdbc.EmbeddedDriver
		hibernate.format_sql: true
		hibernate.hbm2ddl.auto: create]
18:58:54.958 [main] DEBUG o.h.i.internal.IntegratorServiceImpl - Adding Integrator [org.hibernate.cfg.beanvalidation.BeanValidationIntegrator].
18:58:54.959 [main] DEBUG o.h.i.internal.IntegratorServiceImpl - Adding Integrator [org.hibernate.secure.spi.JaccIntegrator].
18:58:54.960 [main] DEBUG o.h.i.internal.IntegratorServiceImpl - Adding Integrator [org.hibernate.cache.internal.CollectionCacheInvalidator].
18:58:54.960 [main] DEBUG o.h.i.internal.IntegratorServiceImpl - Adding Integrator [org.hibernate.jpa.event.spi.JpaIntegrator].
18:58:54.971 [main] DEBUG o.h.b.r.s.i.StrategySelectorImpl - Registering named strategy selector [org.hibernate.dialect.Dialect] : [MySQL5] -> [org.hibernate.dialect.MySQL5Dialect] (replacing [org.hibernate.dialect.MySQL5Dialect])
[...]
18:58:56.710 [main] DEBUG o.h.e.j.i.LogicalConnectionImpl - Obtained JDBC connection
18:58:56.710 [main] DEBUG o.h.e.t.i.jdbc.JdbcTransaction - initial autocommit status: true
18:58:56.710 [main] DEBUG o.h.e.t.i.jdbc.JdbcTransaction - disabling autocommit
18:58:56.710 [main] DEBUG o.s.orm.jpa.JpaTransactionManager - Not exposing JPA transaction [org.hibernate.jpa.internal.EntityManagerImpl@30c3ae63] as JDBC transaction because JpaDialect [org.springframework.orm.jpa.DefaultJpaDialect@64c781a9] does not support JDBC Connection retrieval
18:58:56.711 [main] INFO  o.s.t.c.t.TransactionContext - Began transaction (1) for test context [DefaultTestContext@239f017e testClass = BeanMappingServiceTest, testInstance = com.frenchies.tennisclub.service.BeanMappingServiceTest@6fb0d3ed, testMethod = mapping@BeanMappingServiceTest, testException = [null], mergedContextConfiguration = [MergedContextConfiguration@38cedb7d testClass = BeanMappingServiceTest, locations = '{}', classes = '{class com.frenchies.tennisclub.service.config.ServiceConfiguration}', contextInitializerClasses = '[]', activeProfiles = '{}', propertySourceLocations = '{}', propertySourceProperties = '{}', contextLoader = 'org.springframework.test.context.support.DelegatingSmartContextLoader', parent = [null]]]; transaction manager [org.springframework.orm.jpa.JpaTransactionManager@5b88b8e]; rollback [true]
18:58:56.733 [main] DEBUG o.a.c.b.converters.BooleanConverter - Setting default value: false
18:58:56.733 [main] DEBUG o.a.c.b.converters.BooleanConverter - Converting 'Boolean' value 'false' to type 'Boolean'
18:58:56.733 [main] DEBUG o.a.c.b.converters.BooleanConverter -     No conversion required, value is already a Boolean
18:58:56.735 [main] DEBUG o.a.c.b.converters.ByteConverter - Setting default value: 0
18:58:56.735 [main] DEBUG o.a.c.b.converters.ByteConverter - Converting 'Integer' value '0' to type 'Byte'
18:58:56.735 [main] DEBUG o.a.c.b.converters.ByteConverter -     Converted to Byte value '0'
18:58:56.735 [main] DEBUG o.a.c.b.c.CharacterConverter - Setting default value:  
18:58:56.735 [main] DEBUG o.a.c.b.c.CharacterConverter - Converting 'Character' value ' ' to type 'Character'
18:58:56.735 [main] DEBUG o.a.c.b.c.CharacterConverter -     No conversion required, value is already a Character
18:58:56.736 [main] DEBUG o.a.c.b.converters.DoubleConverter - Setting default value: 0
18:58:56.736 [main] DEBUG o.a.c.b.converters.DoubleConverter - Converting 'Integer' value '0' to type 'Double'
18:58:56.736 [main] DEBUG o.a.c.b.converters.DoubleConverter -     Converted to Double value '0.0'
18:58:56.736 [main] DEBUG o.a.c.b.converters.FloatConverter - Setting default value: 0
18:58:56.737 [main] DEBUG o.a.c.b.converters.FloatConverter - Converting 'Integer' value '0' to type 'Float'
18:58:56.737 [main] DEBUG o.a.c.b.converters.FloatConverter -     Converted to Float value '0.0'
18:58:56.737 [main] DEBUG o.a.c.b.converters.IntegerConverter - Setting default value: 0
18:58:56.737 [main] DEBUG o.a.c.b.converters.IntegerConverter - Converting 'Integer' value '0' to type 'Integer'
18:58:56.737 [main] DEBUG o.a.c.b.converters.IntegerConverter -     No conversion required, value is already a Integer
18:58:56.738 [main] DEBUG o.a.c.b.converters.LongConverter - Setting default value: 0
18:58:56.738 [main] DEBUG o.a.c.b.converters.LongConverter - Converting 'Integer' value '0' to type 'Long'
18:58:56.738 [main] DEBUG o.a.c.b.converters.LongConverter -     Converted to Long value '0'
18:58:56.738 [main] DEBUG o.a.c.b.converters.ShortConverter - Setting default value: 0
18:58:56.739 [main] DEBUG o.a.c.b.converters.ShortConverter - Converting 'Integer' value '0' to type 'Short'
18:58:56.739 [main] DEBUG o.a.c.b.converters.ShortConverter -     Converted to Short value '0'
18:58:56.739 [main] DEBUG o.a.c.b.c.BigDecimalConverter - Setting default value: 0.0
18:58:56.739 [main] DEBUG o.a.c.b.c.BigDecimalConverter - Converting 'BigDecimal' value '0.0' to type 'BigDecimal'
18:58:56.740 [main] DEBUG o.a.c.b.c.BigDecimalConverter -     No conversion required, value is already a BigDecimal
18:58:56.740 [main] DEBUG o.a.c.b.c.BigIntegerConverter - Setting default value: 0
18:58:56.740 [main] DEBUG o.a.c.b.c.BigIntegerConverter - Converting 'BigInteger' value '0' to type 'BigInteger'
18:58:56.740 [main] DEBUG o.a.c.b.c.BigIntegerConverter -     No conversion required, value is already a BigInteger
18:58:56.740 [main] DEBUG o.a.c.b.converters.BooleanConverter - Setting default value: false
18:58:56.740 [main] DEBUG o.a.c.b.converters.BooleanConverter - Converting 'Boolean' value 'false' to type 'Boolean'
18:58:56.740 [main] DEBUG o.a.c.b.converters.BooleanConverter -     No conversion required, value is already a Boolean
18:58:56.740 [main] DEBUG o.a.c.b.converters.ByteConverter - Setting default value: 0
18:58:56.740 [main] DEBUG o.a.c.b.converters.ByteConverter - Converting 'Integer' value '0' to type 'Byte'
18:58:56.740 [main] DEBUG o.a.c.b.converters.ByteConverter -     Converted to Byte value '0'
18:58:56.740 [main] DEBUG o.a.c.b.c.CharacterConverter - Setting default value:  
18:58:56.740 [main] DEBUG o.a.c.b.c.CharacterConverter - Converting 'Character' value ' ' to type 'Character'
18:58:56.740 [main] DEBUG o.a.c.b.c.CharacterConverter -     No conversion required, value is already a Character
18:58:56.740 [main] DEBUG o.a.c.b.converters.DoubleConverter - Setting default value: 0
18:58:56.740 [main] DEBUG o.a.c.b.converters.DoubleConverter - Converting 'Integer' value '0' to type 'Double'
18:58:56.740 [main] DEBUG o.a.c.b.converters.DoubleConverter -     Converted to Double value '0.0'
18:58:56.740 [main] DEBUG o.a.c.b.converters.FloatConverter - Setting default value: 0
18:58:56.740 [main] DEBUG o.a.c.b.converters.FloatConverter - Converting 'Integer' value '0' to type 'Float'
18:58:56.740 [main] DEBUG o.a.c.b.converters.FloatConverter -     Converted to Float value '0.0'
18:58:56.740 [main] DEBUG o.a.c.b.converters.IntegerConverter - Setting default value: 0
18:58:56.740 [main] DEBUG o.a.c.b.converters.IntegerConverter - Converting 'Integer' value '0' to type 'Integer'
18:58:56.740 [main] DEBUG o.a.c.b.converters.IntegerConverter -     No conversion required, value is already a Integer
18:58:56.740 [main] DEBUG o.a.c.b.converters.LongConverter - Setting default value: 0
18:58:56.740 [main] DEBUG o.a.c.b.converters.LongConverter - Converting 'Integer' value '0' to type 'Long'
18:58:56.740 [main] DEBUG o.a.c.b.converters.LongConverter -     Converted to Long value '0'
18:58:56.740 [main] DEBUG o.a.c.b.converters.ShortConverter - Setting default value: 0
18:58:56.740 [main] DEBUG o.a.c.b.converters.ShortConverter - Converting 'Integer' value '0' to type 'Short'
18:58:56.740 [main] DEBUG o.a.c.b.converters.ShortConverter -     Converted to Short value '0'
18:58:56.741 [main] DEBUG o.a.c.b.converters.StringConverter - Setting default value: 
18:58:56.741 [main] DEBUG o.a.c.b.converters.StringConverter - Converting 'String' value '' to type 'String'
18:58:56.745 [main] DEBUG o.a.c.b.converters.ArrayConverter - Setting default value: [Z@6a1d526c
18:58:56.746 [main] DEBUG o.a.c.b.converters.ArrayConverter - Converting 'boolean[]' value '[Z@6a1d526c' to type 'boolean[]'
18:58:56.746 [main] DEBUG o.a.c.b.converters.ArrayConverter -     No conversion required, value is already a boolean[]
18:58:56.746 [main] DEBUG o.a.c.b.converters.ArrayConverter - Setting default value: [B@1f2f0109
18:58:56.746 [main] DEBUG o.a.c.b.converters.ArrayConverter - Converting 'byte[]' value '[B@1f2f0109' to type 'byte[]'
18:58:56.746 [main] DEBUG o.a.c.b.converters.ArrayConverter -     No conversion required, value is already a byte[]
18:58:56.746 [main] DEBUG o.a.c.b.converters.ArrayConverter - Setting default value: [C@483b0690
18:58:56.746 [main] DEBUG o.a.c.b.converters.ArrayConverter - Converting 'char[]' value '[C@483b0690' to type 'char[]'
18:58:56.746 [main] DEBUG o.a.c.b.converters.ArrayConverter -     No conversion required, value is already a char[]
18:58:56.746 [main] DEBUG o.a.c.b.converters.ArrayConverter - Setting default value: [D@687e6293
18:58:56.746 [main] DEBUG o.a.c.b.converters.ArrayConverter - Converting 'double[]' value '[D@687e6293' to type 'double[]'
18:58:56.746 [main] DEBUG o.a.c.b.converters.ArrayConverter -     No conversion required, value is already a double[]
18:58:56.746 [main] DEBUG o.a.c.b.converters.ArrayConverter - Setting default value: [F@6870c3c2
18:58:56.746 [main] DEBUG o.a.c.b.converters.ArrayConverter - Converting 'float[]' value '[F@6870c3c2' to type 'float[]'
18:58:56.746 [main] DEBUG o.a.c.b.converters.ArrayConverter -     No conversion required, value is already a float[]
18:58:56.746 [main] DEBUG o.a.c.b.converters.ArrayConverter - Setting default value: [I@fb0a08c
18:58:56.746 [main] DEBUG o.a.c.b.converters.ArrayConverter - Converting 'int[]' value '[I@fb0a08c' to type 'int[]'
18:58:56.746 [main] DEBUG o.a.c.b.converters.ArrayConverter -     No conversion required, value is already a int[]
18:58:56.746 [main] DEBUG o.a.c.b.converters.ArrayConverter - Setting default value: [J@1faf386c
18:58:56.746 [main] DEBUG o.a.c.b.converters.ArrayConverter - Converting 'long[]' value '[J@1faf386c' to type 'long[]'
18:58:56.746 [main] DEBUG o.a.c.b.converters.ArrayConverter -     No conversion required, value is already a long[]
18:58:56.746 [main] DEBUG o.a.c.b.converters.ArrayConverter - Setting default value: [S@4debbf0
18:58:56.746 [main] DEBUG o.a.c.b.converters.ArrayConverter - Converting 'short[]' value '[S@4debbf0' to type 'short[]'
18:58:56.746 [main] DEBUG o.a.c.b.converters.ArrayConverter -     No conversion required, value is already a short[]
18:58:56.746 [main] DEBUG o.a.c.b.converters.ArrayConverter - Setting default value: [Ljava.math.BigDecimal;@6a5e167a
18:58:56.746 [main] DEBUG o.a.c.b.converters.ArrayConverter - Converting 'BigDecimal[]' value '[Ljava.math.BigDecimal;@6a5e167a' to type 'BigDecimal[]'
18:58:56.746 [main] DEBUG o.a.c.b.converters.ArrayConverter -     No conversion required, value is already a BigDecimal[]
18:58:56.746 [main] DEBUG o.a.c.b.converters.ArrayConverter - Setting default value: [Ljava.math.BigInteger;@66a5755
18:58:56.746 [main] DEBUG o.a.c.b.converters.ArrayConverter - Converting 'BigInteger[]' value '[Ljava.math.BigInteger;@66a5755' to type 'BigInteger[]'
18:58:56.746 [main] DEBUG o.a.c.b.converters.ArrayConverter -     No conversion required, value is already a BigInteger[]
18:58:56.746 [main] DEBUG o.a.c.b.converters.ArrayConverter - Setting default value: [Ljava.lang.Boolean;@6d6d480c
18:58:56.746 [main] DEBUG o.a.c.b.converters.ArrayConverter - Converting 'Boolean[]' value '[Ljava.lang.Boolean;@6d6d480c' to type 'Boolean[]'
18:58:56.746 [main] DEBUG o.a.c.b.converters.ArrayConverter -     No conversion required, value is already a Boolean[]
18:58:56.746 [main] DEBUG o.a.c.b.converters.ArrayConverter - Setting default value: [Ljava.lang.Byte;@5a917723
18:58:56.746 [main] DEBUG o.a.c.b.converters.ArrayConverter - Converting 'Byte[]' value '[Ljava.lang.Byte;@5a917723' to type 'Byte[]'
18:58:56.746 [main] DEBUG o.a.c.b.converters.ArrayConverter -     No conversion required, value is already a Byte[]
18:58:56.746 [main] DEBUG o.a.c.b.converters.ArrayConverter - Setting default value: [Ljava.lang.Character;@7e4579c7
18:58:56.746 [main] DEBUG o.a.c.b.converters.ArrayConverter - Converting 'Character[]' value '[Ljava.lang.Character;@7e4579c7' to type 'Character[]'
18:58:56.746 [main] DEBUG o.a.c.b.converters.ArrayConverter -     No conversion required, value is already a Character[]
18:58:56.746 [main] DEBUG o.a.c.b.converters.ArrayConverter - Setting default value: [Ljava.lang.Double;@796f632b
18:58:56.746 [main] DEBUG o.a.c.b.converters.ArrayConverter - Converting 'Double[]' value '[Ljava.lang.Double;@796f632b' to type 'Double[]'
18:58:56.746 [main] DEBUG o.a.c.b.converters.ArrayConverter -     No conversion required, value is already a Double[]
18:58:56.746 [main] DEBUG o.a.c.b.converters.ArrayConverter - Setting default value: [Ljava.lang.Float;@cedee22
18:58:56.746 [main] DEBUG o.a.c.b.converters.ArrayConverter - Converting 'Float[]' value '[Ljava.lang.Float;@cedee22' to type 'Float[]'
18:58:56.746 [main] DEBUG o.a.c.b.converters.ArrayConverter -     No conversion required, value is already a Float[]
18:58:56.746 [main] DEBUG o.a.c.b.converters.ArrayConverter - Setting default value: [Ljava.lang.Integer;@5b47731f
18:58:56.746 [main] DEBUG o.a.c.b.converters.ArrayConverter - Converting 'Integer[]' value '[Ljava.lang.Integer;@5b47731f' to type 'Integer[]'
18:58:56.746 [main] DEBUG o.a.c.b.converters.ArrayConverter -     No conversion required, value is already a Integer[]
18:58:56.746 [main] DEBUG o.a.c.b.converters.ArrayConverter - Setting default value: [Ljava.lang.Long;@40c2ce52
18:58:56.746 [main] DEBUG o.a.c.b.converters.ArrayConverter - Converting 'Long[]' value '[Ljava.lang.Long;@40c2ce52' to type 'Long[]'
18:58:56.746 [main] DEBUG o.a.c.b.converters.ArrayConverter -     No conversion required, value is already a Long[]
18:58:56.746 [main] DEBUG o.a.c.b.converters.ArrayConverter - Setting default value: [Ljava.lang.Short;@60a7e509
18:58:56.746 [main] DEBUG o.a.c.b.converters.ArrayConverter - Converting 'Short[]' value '[Ljava.lang.Short;@60a7e509' to type 'Short[]'
18:58:56.746 [main] DEBUG o.a.c.b.converters.ArrayConverter -     No conversion required, value is already a Short[]
18:58:56.746 [main] DEBUG o.a.c.b.converters.ArrayConverter - Setting default value: [Ljava.lang.String;@787508ca
18:58:56.746 [main] DEBUG o.a.c.b.converters.ArrayConverter - Converting 'String[]' value '[Ljava.lang.String;@787508ca' to type 'String[]'
18:58:56.746 [main] DEBUG o.a.c.b.converters.ArrayConverter -     No conversion required, value is already a String[]
18:58:56.746 [main] DEBUG o.a.c.b.converters.ArrayConverter - Setting default value: [Ljava.lang.Class;@3d24420b
18:58:56.746 [main] DEBUG o.a.c.b.converters.ArrayConverter - Converting 'Class[]' value '[Ljava.lang.Class;@3d24420b' to type 'Class[]'
18:58:56.746 [main] DEBUG o.a.c.b.converters.ArrayConverter -     No conversion required, value is already a Class[]
18:58:56.746 [main] DEBUG o.a.c.b.converters.ArrayConverter - Setting default value: [Ljava.util.Date;@6274670b
18:58:56.746 [main] DEBUG o.a.c.b.converters.ArrayConverter - Converting 'Date[]' value '[Ljava.util.Date;@6274670b' to type 'Date[]'
18:58:56.746 [main] DEBUG o.a.c.b.converters.ArrayConverter -     No conversion required, value is already a Date[]
18:58:56.747 [main] DEBUG o.a.c.b.converters.ArrayConverter - Setting default value: [Ljava.util.Calendar;@32d5279
18:58:56.747 [main] DEBUG o.a.c.b.converters.ArrayConverter - Converting 'Calendar[]' value '[Ljava.util.Calendar;@32d5279' to type 'Calendar[]'
18:58:56.747 [main] DEBUG o.a.c.b.converters.ArrayConverter -     No conversion required, value is already a Calendar[]
18:58:56.747 [main] DEBUG o.a.c.b.converters.ArrayConverter - Setting default value: [Ljava.io.File;@5d0b0cb9
18:58:56.747 [main] DEBUG o.a.c.b.converters.ArrayConverter - Converting 'java.io.File[]' value '[Ljava.io.File;@5d0b0cb9' to type 'java.io.File[]'
18:58:56.747 [main] DEBUG o.a.c.b.converters.ArrayConverter -     No conversion required, value is already a java.io.File[]
18:58:56.747 [main] DEBUG o.a.c.b.converters.ArrayConverter - Setting default value: [Ljava.sql.Date;@16ac5d35
18:58:56.747 [main] DEBUG o.a.c.b.converters.ArrayConverter - Converting 'java.sql.Date[]' value '[Ljava.sql.Date;@16ac5d35' to type 'java.sql.Date[]'
18:58:56.747 [main] DEBUG o.a.c.b.converters.ArrayConverter -     No conversion required, value is already a java.sql.Date[]
18:58:56.747 [main] DEBUG o.a.c.b.converters.ArrayConverter - Setting default value: [Ljava.sql.Time;@3c0e00a8
18:58:56.747 [main] DEBUG o.a.c.b.converters.ArrayConverter - Converting 'java.sql.Time[]' value '[Ljava.sql.Time;@3c0e00a8' to type 'java.sql.Time[]'
18:58:56.747 [main] DEBUG o.a.c.b.converters.ArrayConverter -     No conversion required, value is already a java.sql.Time[]
18:58:56.747 [main] DEBUG o.a.c.b.converters.ArrayConverter - Setting default value: [Ljava.sql.Timestamp;@6cd15072
18:58:56.747 [main] DEBUG o.a.c.b.converters.ArrayConverter - Converting 'java.sql.Timestamp[]' value '[Ljava.sql.Timestamp;@6cd15072' to type 'java.sql.Timestamp[]'
18:58:56.747 [main] DEBUG o.a.c.b.converters.ArrayConverter -     No conversion required, value is already a java.sql.Timestamp[]
18:58:56.747 [main] DEBUG o.a.c.b.converters.ArrayConverter - Setting default value: [Ljava.net.URL;@3408f695
18:58:56.747 [main] DEBUG o.a.c.b.converters.ArrayConverter - Converting 'java.net.URL[]' value '[Ljava.net.URL;@3408f695' to type 'java.net.URL[]'
18:58:56.747 [main] DEBUG o.a.c.b.converters.ArrayConverter -     No conversion required, value is already a java.net.URL[]
18:58:56.773 [main] DEBUG org.dozer.fieldmap.FieldMap - Getting ready to invoke write method on the destination object. Dest Obj: UserDTO, Dest value: null
18:58:56.774 [main] DEBUG org.dozer.MappingProcessor - MAPPED: User.phone --> UserDTO.phone    VALUES: NULL --> NULL    MAPID: 
18:58:56.774 [main] DEBUG org.dozer.fieldmap.FieldMap - Getting ready to invoke write method on the destination object. Dest Obj: UserDTO, Dest value: null
18:58:56.774 [main] DEBUG org.dozer.MappingProcessor - MAPPED: User.surname --> UserDTO.surname    VALUES: NULL --> NULL    MAPID: 
18:58:56.775 [main] DEBUG org.dozer.fieldmap.FieldMap - Getting ready to invoke write method on the destination object. Dest Obj: UserDTO, Dest value: BOB
18:58:56.775 [main] DEBUG org.dozer.MappingProcessor - MAPPED: User.name --> UserDTO.name    VALUES: BOB --> BOB    MAPID: 
18:58:56.775 [main] DEBUG org.dozer.fieldmap.FieldMap - Getting ready to invoke write method on the destination object. Dest Obj: UserDTO, Dest value: null
18:58:56.775 [main] DEBUG org.dozer.MappingProcessor - MAPPED: User.dateOfBirth --> UserDTO.dateOfBirth    VALUES: NULL --> NULL    MAPID: 
18:58:56.775 [main] DEBUG org.dozer.fieldmap.FieldMap - Getting ready to invoke write method on the destination object. Dest Obj: UserDTO, Dest value: null
18:58:56.775 [main] DEBUG org.dozer.MappingProcessor - MAPPED: User.id --> UserDTO.id    VALUES: NULL --> NULL    MAPID: 
18:58:56.777 [main] DEBUG org.dozer.fieldmap.FieldMap - Getting ready to invoke write method on the destination object. Dest Obj: User, Dest value: null
18:58:56.777 [main] DEBUG org.dozer.MappingProcessor - MAPPED: UserDTO.phone --> User.phone    VALUES: NULL --> NULL    MAPID: 
18:58:56.777 [main] DEBUG org.dozer.fieldmap.FieldMap - Getting ready to invoke write method on the destination object. Dest Obj: User, Dest value: null
18:58:56.778 [main] DEBUG org.dozer.MappingProcessor - MAPPED: UserDTO.surname --> User.surname    VALUES: NULL --> NULL    MAPID: 
18:58:56.778 [main] DEBUG org.dozer.fieldmap.FieldMap - Getting ready to invoke write method on the destination object. Dest Obj: User, Dest value: BOB
18:58:56.778 [main] DEBUG org.dozer.MappingProcessor - MAPPED: UserDTO.name --> User.name    VALUES: BOB --> BOB    MAPID: 
18:58:56.778 [main] DEBUG org.dozer.fieldmap.FieldMap - Getting ready to invoke write method on the destination object. Dest Obj: User, Dest value: null
18:58:56.778 [main] DEBUG org.dozer.MappingProcessor - MAPPED: UserDTO.dateOfBirth --> User.dateOfBirth    VALUES: NULL --> NULL    MAPID: 
18:58:56.778 [main] DEBUG org.dozer.fieldmap.FieldMap - Getting ready to invoke write method on the destination object. Dest Obj: User, Dest value: null
18:58:56.778 [main] DEBUG org.dozer.MappingProcessor - MAPPED: UserDTO.id --> User.id    VALUES: NULL --> NULL    MAPID: 
]]></system-out>
  </testcase>
  <testcase name="getAllBookingsLastWeek" classname="com.frenchies.tennisclub.service.BookingServiceTest" time="0.011"/>
</testsuite>